2 path.c:128 0x2d9682a9 24
4 path.c:254 0x2d9682a9 24
2 path.c:128 0x2d96a4c9 24
1 dynarray.c:84 0x2d9682a9 24
2 dynarray.c:95 0x2d96a4f9 16
2 path.c:90 0x2d96a529 6
1 path.c:143 0x2d96a549 6
4 path.c:246 0x2d96a549 6
4 path.c:31 0x2d96a529 6
4 dynarray.c:112 0x2d96a4f9 16
4 dynarray.c:113 0x2d9682a9 24
4 path.c:254 0x2d96a4c9 24
1 dynarray.c:84 0x2d96a4c9 24
2 dynarray.c:95 0x2d96a569 16
1 bdtBad5.c:662 0x2d96a529 1
4 dynarray.c:112 0x2d96a569 16
4 dynarray.c:113 0x2d96a4c9 24
4 bdt_client.c:39 0x2d96a529 1
2 path.c:128 0x2d96a599 24
4 path.c:254 0x2d96a599 24
2 path.c:128 0x2d96a5c9 24
1 dynarray.c:84 0x2d96a599 24
2 dynarray.c:95 0x2d96a5f9 16
4 dynarray.c:112 0x2d96a5f9 16
4 dynarray.c:113 0x2d96a599 24
4 path.c:254 0x2d96a5c9 24
2 path.c:128 0x2d96a629 24
1 dynarray.c:84 0x2d96a5c9 24
2 dynarray.c:95 0x2d96a659 16
2 path.c:90 0x2d96a689 6
2 path.c:90 0x2d96a6a9 7
4 path.c:31 0x2d96a689 6
4 path.c:31 0x2d96a6a9 7
4 dynarray.c:112 0x2d96a659 16
4 dynarray.c:113 0x2d96a5c9 24
4 path.c:254 0x2d96a629 24
2 path.c:128 0x2d96a629 24
1 dynarray.c:84 0x2d96a659 24
2 dynarray.c:95 0x2d96a5c9 16
2 path.c:90 0x2d96a6c9 6
4 path.c:31 0x2d96a6c9 6
4 dynarray.c:112 0x2d96a5c9 16
4 dynarray.c:113 0x2d96a659 24
4 path.c:254 0x2d96a629 24
2 path.c:128 0x2d96a629 24
1 dynarray.c:84 0x2d96a5c9 24
2 dynarray.c:95 0x2d96a659 16
2 path.c:90 0x2d96a6e9 6
1 path.c:143 0x2d96a6c9 6
2 path.c:178 0x2d96a709 24
1 dynarray.c:84 0x2d96a599 24
2 dynarray.c:95 0x2d96a739 16
2 path.c:191 0x2d96a769 6
2 path.c:205 0x2d96a789 6
3 path.c:223 0x2d96a769 0x2d96a769 6 6
1 bdtBad5.c:143 0x2d96a7a9 32
2 path.c:178 0x2d96a7e9 24
1 dynarray.c:84 0x2d96a5f9 24
2 dynarray.c:95 0x2d96a819 16
2 path.c:191 0x2d96a849 6
2 path.c:205 0x2d96a869 6
3 path.c:223 0x2d96a849 0x2d96a849 6 6
4 path.c:246 0x2d96a769 6
4 path.c:31 0x2d96a789 6
4 dynarray.c:112 0x2d96a739 16
4 dynarray.c:113 0x2d96a599 24
4 path.c:254 0x2d96a709 24
4 path.c:246 0x2d96a6c9 6
4 path.c:31 0x2d96a6e9 6
4 dynarray.c:112 0x2d96a659 16
4 dynarray.c:113 0x2d96a5c9 24
4 path.c:254 0x2d96a629 24
2 path.c:128 0x2d96a629 24
1 dynarray.c:84 0x2d96a709 24
2 dynarray.c:95 0x2d96a5c9 16
2 path.c:90 0x2d96a6e9 6
2 path.c:90 0x2d96a889 7
2 path.c:90 0x2d96a8a9 12
3 dynarray.c:69 0x2d96a8c9 0x2d96a5c9 16 32
1 path.c:143 0x2d96a659 25
2 path.c:178 0x2d96a5c9 24
1 dynarray.c:84 0x2d96a599 24
2 dynarray.c:95 0x2d96a909 16
2 path.c:191 0x2d96a939 25
2 path.c:205 0x2d96a969 6
3 path.c:223 0x2d96a939 0x2d96a939 25 6
4 path.c:246 0x2d96a939 6
4 path.c:31 0x2d96a969 6
4 dynarray.c:112 0x2d96a909 16
4 dynarray.c:113 0x2d96a599 24
4 path.c:254 0x2d96a5c9 24
2 path.c:178 0x2d96a5c9 24
1 dynarray.c:84 0x2d96a909 24
2 dynarray.c:95 0x2d96a599 16
2 path.c:191 0x2d96a989 25
2 path.c:205 0x2d96a969 6
2 path.c:205 0x2d96a9b9 7
3 path.c:223 0x2d96a989 0x2d96a989 25 13
4 path.c:246 0x2d96a989 13
4 path.c:31 0x2d96a969 6
4 path.c:31 0x2d96a9b9 7
4 dynarray.c:112 0x2d96a599 16
4 dynarray.c:113 0x2d96a909 24
4 path.c:254 0x2d96a5c9 24
2 path.c:178 0x2d96a5c9 24
1 dynarray.c:84 0x2d96a989 24
2 dynarray.c:95 0x2d96a909 16
2 path.c:191 0x2d96a9d9 25
2 path.c:205 0x2d96a9b9 6
2 path.c:205 0x2d96a969 7
3 path.c:223 0x2d96a9d9 0x2d96a9d9 25 13
1 bdtBad5.c:143 0x2d96aa09 32
2 path.c:178 0x2d96aa49 24
1 dynarray.c:84 0x2d96a599 24
2 dynarray.c:95 0x2d96aa79 16
2 path.c:191 0x2d96aaa9 13
2 path.c:205 0x2d96aac9 6
2 path.c:205 0x2d96aae9 7
3 path.c:223 0x2d96aaa9 0x2d96aaa9 13 13
4 path.c:246 0x2d96a9d9 13
4 path.c:31 0x2d96a9b9 6
4 path.c:31 0x2d96a969 7
4 dynarray.c:112 0x2d96a909 16
4 dynarray.c:113 0x2d96a989 24
4 path.c:254 0x2d96a5c9 24
2 path.c:178 0x2d96a5c9 24
1 dynarray.c:84 0x2d96a9d9 24
2 dynarray.c:95 0x2d96a989 24
2 path.c:191 0x2d96ab09 25
2 path.c:205 0x2d96a969 6
2 path.c:205 0x2d96a9b9 7
2 path.c:205 0x2d96ab39 12
3 path.c:223 0x2d96ab09 0x2d96ab09 25 25
1 bdtBad5.c:143 0x2d96ab59 32
2 path.c:178 0x2d96ab99 24
1 dynarray.c:84 0x2d96a909 24
2 dynarray.c:95 0x2d96abc9 24
2 path.c:191 0x2d96abf9 25
2 path.c:205 0x2d96ac29 6
2 path.c:205 0x2d96ac49 7
2 path.c:205 0x2d96ac69 12
3 path.c:223 0x2d96abf9 0x2d96abf9 25 25
4 path.c:246 0x2d96ab09 25
4 path.c:31 0x2d96a969 6
4 path.c:31 0x2d96a9b9 7
4 path.c:31 0x2d96ab39 12
4 dynarray.c:112 0x2d96a989 24
4 dynarray.c:113 0x2d96a9d9 24
4 path.c:254 0x2d96a5c9 24
4 path.c:246 0x2d96a659 25
4 path.c:31 0x2d96a6e9 6
4 path.c:31 0x2d96a889 7
4 path.c:31 0x2d96a8a9 12
4 dynarray.c:112 0x2d96a8c9 32
4 dynarray.c:113 0x2d96a709 24
4 path.c:254 0x2d96a629 24
2 path.c:128 0x2d96a629 24
1 dynarray.c:84 0x2d96ab09 24
2 dynarray.c:95 0x2d96a709 16
2 path.c:90 0x2d96a8a9 6
1 path.c:143 0x2d96a6c9 6
2 path.c:178 0x2d96a5c9 24
1 dynarray.c:84 0x2d96a659 24
2 dynarray.c:95 0x2d96a9d9 16
2 path.c:191 0x2d96a889 6
2 path.c:205 0x2d96ab39 6
3 path.c:223 0x2d96a889 0x2d96a889 6 6
4 path.c:246 0x2d96a889 6
4 path.c:31 0x2d96ab39 6
4 dynarray.c:112 0x2d96a9d9 16
4 dynarray.c:113 0x2d96a659 24
4 path.c:254 0x2d96a5c9 24
4 path.c:246 0x2d96a6c9 6
4 path.c:31 0x2d96a8a9 6
4 dynarray.c:112 0x2d96a709 16
4 dynarray.c:113 0x2d96ab09 24
4 path.c:254 0x2d96a629 24
2 path.c:128 0x2d96a629 24
1 dynarray.c:84 0x2d96a989 24
2 dynarray.c:95 0x2d96ab09 16
2 path.c:90 0x2d96a8a9 6
2 path.c:90 0x2d96a6c9 7
1 path.c:143 0x2d96a6e9 13
2 path.c:178 0x2d96a5c9 24
1 dynarray.c:84 0x2d96a709 24
2 dynarray.c:95 0x2d96a659 16
2 path.c:191 0x2d96ab39 13
2 path.c:205 0x2d96a9b9 6
3 path.c:223 0x2d96ab39 0x2d96ab39 13 6
4 path.c:246 0x2d96ab39 6
4 path.c:31 0x2d96a9b9 6
4 dynarray.c:112 0x2d96a659 16
4 dynarray.c:113 0x2d96a709 24
4 path.c:254 0x2d96a5c9 24
2 path.c:178 0x2d96a5c9 24
1 dynarray.c:84 0x2d96a9d9 24
2 dynarray.c:95 0x2d96a709 16
2 path.c:191 0x2d96a9b9 13
2 path.c:205 0x2d96ab39 6
2 path.c:205 0x2d96a969 7
3 path.c:223 0x2d96a9b9 0x2d96a9b9 13 13
4 path.c:246 0x2d96a9b9 13
4 path.c:31 0x2d96ab39 6
4 path.c:31 0x2d96a969 7
4 dynarray.c:112 0x2d96a709 16
4 dynarray.c:113 0x2d96a9d9 24
4 path.c:254 0x2d96a5c9 24
4 path.c:246 0x2d96a6e9 13
4 path.c:31 0x2d96a8a9 6
4 path.c:31 0x2d96a6c9 7
4 dynarray.c:112 0x2d96ab09 16
4 dynarray.c:113 0x2d96a989 24
4 path.c:254 0x2d96a629 24
2 path.c:128 0x2d96a629 24
1 dynarray.c:84 0x2d96a659 24
2 dynarray.c:95 0x2d96a989 16
2 path.c:90 0x2d96a6c9 6
2 path.c:90 0x2d96a8a9 7
2 path.c:90 0x2d96a6e9 12
3 dynarray.c:69 0x2d96ac89 0x2d96a989 16 32
1 path.c:143 0x2d96ab09 25
2 path.c:178 0x2d96a989 24
1 dynarray.c:84 0x2d96a5c9 24
2 dynarray.c:95 0x2d96a9d9 16
2 path.c:191 0x2d96acc9 25
2 path.c:205 0x2d96a969 6
3 path.c:223 0x2d96acc9 0x2d96acc9 25 6
4 path.c:246 0x2d96acc9 6
4 path.c:31 0x2d96a969 6
4 dynarray.c:112 0x2d96a9d9 16
4 dynarray.c:113 0x2d96a5c9 24
4 path.c:254 0x2d96a989 24
2 path.c:178 0x2d96a989 24
1 dynarray.c:84 0x2d96a709 24
2 dynarray.c:95 0x2d96a5c9 16
2 path.c:191 0x2d96acc9 25
2 path.c:205 0x2d96a969 6
2 path.c:205 0x2d96ab39 7
3 path.c:223 0x2d96acc9 0x2d96acc9 25 13
4 path.c:246 0x2d96acc9 13
4 path.c:31 0x2d96a969 6
4 path.c:31 0x2d96ab39 7
4 dynarray.c:112 0x2d96a5c9 16
4 dynarray.c:113 0x2d96a709 24
4 path.c:254 0x2d96a989 24
2 path.c:178 0x2d96a989 24
1 dynarray.c:84 0x2d96a9d9 24
2 dynarray.c:95 0x2d96a709 24
2 path.c:191 0x2d96acc9 25
2 path.c:205 0x2d96ab39 6
2 path.c:205 0x2d96a969 7
2 path.c:205 0x2d96a9b9 12
3 path.c:223 0x2d96acc9 0x2d96acc9 25 25
4 path.c:246 0x2d96acc9 25
4 path.c:31 0x2d96ab39 6
4 path.c:31 0x2d96a969 7
4 path.c:31 0x2d96a9b9 12
4 dynarray.c:112 0x2d96a709 24
4 dynarray.c:113 0x2d96a9d9 24
4 path.c:254 0x2d96a989 24
4 path.c:246 0x2d96ab09 25
4 path.c:31 0x2d96a6c9 6
4 path.c:31 0x2d96a8a9 7
4 path.c:31 0x2d96a6e9 12
4 dynarray.c:112 0x2d96ac89 32
4 dynarray.c:113 0x2d96a659 24
4 path.c:254 0x2d96a629 24
2 path.c:128 0x2d96a629 24
1 dynarray.c:84 0x2d96a5c9 24
2 dynarray.c:95 0x2d96a659 16
2 path.c:90 0x2d96a6e9 12
1 path.c:143 0x2d96a889 12
2 path.c:178 0x2d96a989 24
1 dynarray.c:84 0x2d96ab09 24
2 dynarray.c:95 0x2d96a9d9 16
2 path.c:191 0x2d96a8a9 12
2 path.c:205 0x2d96a9b9 12
3 path.c:223 0x2d96a8a9 0x2d96a8a9 12 12
4 path.c:246 0x2d96a8a9 12
4 path.c:31 0x2d96a9b9 12
4 dynarray.c:112 0x2d96a9d9 16
4 dynarray.c:113 0x2d96ab09 24
4 path.c:254 0x2d96a989 24
4 path.c:246 0x2d96a889 12
4 path.c:31 0x2d96a6e9 12
4 dynarray.c:112 0x2d96a659 16
4 dynarray.c:113 0x2d96a5c9 24
4 path.c:254 0x2d96a629 24
2 path.c:128 0x2d96a629 24
1 dynarray.c:84 0x2d96a709 24
2 dynarray.c:95 0x2d96a5c9 16
2 path.c:90 0x2d96a6e9 12
1 path.c:143 0x2d96a6c9 12
2 path.c:178 0x2d96a989 24
1 dynarray.c:84 0x2d96a659 24
2 dynarray.c:95 0x2d96ab09 16
2 path.c:191 0x2d96a889 12
2 path.c:205 0x2d96a8a9 12
3 path.c:223 0x2d96a889 0x2d96a889 12 12
4 path.c:246 0x2d96a889 12
4 path.c:31 0x2d96a8a9 12
4 dynarray.c:112 0x2d96ab09 16
4 dynarray.c:113 0x2d96a659 24
4 path.c:254 0x2d96a989 24
4 path.c:246 0x2d96a6c9 12
4 path.c:31 0x2d96a6e9 12
4 dynarray.c:112 0x2d96a5c9 16
4 dynarray.c:113 0x2d96a709 24
4 path.c:254 0x2d96a629 24
2 path.c:128 0x2d96a629 24
1 dynarray.c:84 0x2d96a9d9 24
2 dynarray.c:95 0x2d96a709 16
2 path.c:90 0x2d96a6e9 12
1 path.c:143 0x2d96a9b9 12
2 path.c:178 0x2d96a989 24
1 dynarray.c:84 0x2d96a5c9 24
2 dynarray.c:95 0x2d96a659 16
2 path.c:191 0x2d96a6c9 12
2 path.c:205 0x2d96a889 12
3 path.c:223 0x2d96a6c9 0x2d96a6c9 12 12
4 path.c:246 0x2d96a6c9 12
4 path.c:31 0x2d96a889 12
4 dynarray.c:112 0x2d96a659 16
4 dynarray.c:113 0x2d96a5c9 24
4 path.c:254 0x2d96a989 24
4 path.c:246 0x2d96a9b9 12
4 path.c:31 0x2d96a6e9 12
4 dynarray.c:112 0x2d96a709 16
4 dynarray.c:113 0x2d96a9d9 24
4 path.c:254 0x2d96a629 24
2 path.c:128 0x2d96a629 24
1 dynarray.c:84 0x2d96ab09 24
2 dynarray.c:95 0x2d96a9d9 16
2 path.c:90 0x2d96a6e9 6
2 path.c:90 0x2d96a9b9 8
1 path.c:143 0x2d96a8a9 14
2 path.c:178 0x2d96a989 24
1 dynarray.c:84 0x2d96a709 24
2 dynarray.c:95 0x2d96a5c9 16
2 path.c:191 0x2d96a889 14
2 path.c:205 0x2d96a969 6
3 path.c:223 0x2d96a889 0x2d96a889 14 6
4 path.c:246 0x2d96a889 6
4 path.c:31 0x2d96a969 6
4 dynarray.c:112 0x2d96a5c9 16
4 dynarray.c:113 0x2d96a709 24
4 path.c:254 0x2d96a989 24
2 path.c:178 0x2d96a989 24
1 dynarray.c:84 0x2d96a659 24
2 dynarray.c:95 0x2d96a709 16
2 path.c:191 0x2d96a969 14
2 path.c:205 0x2d96a889 6
2 path.c:205 0x2d96ab39 8
3 path.c:223 0x2d96a969 0x2d96a969 14 14
4 path.c:246 0x2d96a969 14
4 path.c:31 0x2d96a889 6
4 path.c:31 0x2d96ab39 8
4 dynarray.c:112 0x2d96a709 16
4 dynarray.c:113 0x2d96a659 24
4 path.c:254 0x2d96a989 24
2 path.c:128 0x2d96a989 24
1 dynarray.c:84 0x2d96a5c9 24
2 dynarray.c:95 0x2d96a659 16
2 path.c:90 0x2d96ab39 6
2 path.c:90 0x2d96a889 7
2 path.c:90 0x2d96a969 12
3 dynarray.c:69 0x2d96acf9 0x2d96a659 16 32
1 path.c:143 0x2d96a709 25
2 path.c:178 0x2d96a659 24
1 dynarray.c:84 0x2d96acc9 24
2 dynarray.c:95 0x2d96ad39 16
2 path.c:191 0x2d96ad69 25
2 path.c:205 0x2d96ad99 6
3 path.c:223 0x2d96ad69 0x2d96ad69 25 6
4 path.c:246 0x2d96ad69 6
4 path.c:31 0x2d96ad99 6
4 dynarray.c:112 0x2d96ad39 16
4 dynarray.c:113 0x2d96acc9 24
4 path.c:254 0x2d96a659 24
2 path.c:178 0x2d96a659 24
1 dynarray.c:84 0x2d96ad69 24
2 dynarray.c:95 0x2d96acc9 16
2 path.c:191 0x2d96adb9 25
2 path.c:205 0x2d96ad99 6
2 path.c:205 0x2d96ade9 7
3 path.c:223 0x2d96adb9 0x2d96adb9 25 13
4 path.c:246 0x2d96adb9 13
4 path.c:31 0x2d96ad99 6
4 path.c:31 0x2d96ade9 7
4 dynarray.c:112 0x2d96acc9 16
4 dynarray.c:113 0x2d96ad69 24
4 path.c:254 0x2d96a659 24
2 path.c:178 0x2d96a659 24
1 dynarray.c:84 0x2d96ad39 24
2 dynarray.c:95 0x2d96ad69 24
2 path.c:191 0x2d96adb9 25
2 path.c:205 0x2d96ade9 6
2 path.c:205 0x2d96ad99 7
2 path.c:205 0x2d96ae09 12
3 path.c:223 0x2d96adb9 0x2d96adb9 25 25
4 path.c:246 0x2d96adb9 25
4 path.c:31 0x2d96ade9 6
4 path.c:31 0x2d96ad99 7
4 path.c:31 0x2d96ae09 12
4 dynarray.c:112 0x2d96ad69 24
4 dynarray.c:113 0x2d96ad39 24
4 path.c:254 0x2d96a659 24
4 path.c:246 0x2d96a709 25
4 path.c:31 0x2d96ab39 6
4 path.c:31 0x2d96a889 7
4 path.c:31 0x2d96a969 12
4 dynarray.c:112 0x2d96acf9 32
4 dynarray.c:113 0x2d96a5c9 24
4 path.c:254 0x2d96a989 24
2 path.c:128 0x2d96a989 24
1 dynarray.c:84 0x2d96acc9 24
2 dynarray.c:95 0x2d96a5c9 16
2 path.c:90 0x2d96a969 12
2 path.c:90 0x2d96a889 6
2 path.c:90 0x2d96ab39 9
3 dynarray.c:69 0x2d96ae29 0x2d96a5c9 16 32
1 path.c:143 0x2d96a709 27
2 path.c:178 0x2d96a5c9 24
1 dynarray.c:84 0x2d96a659 24
2 dynarray.c:95 0x2d96ad39 16
2 path.c:191 0x2d96adb9 27
2 path.c:205 0x2d96ae09 12
3 path.c:223 0x2d96adb9 0x2d96adb9 27 12
4 path.c:246 0x2d96adb9 12
4 path.c:31 0x2d96ae09 12
4 dynarray.c:112 0x2d96ad39 16
4 dynarray.c:113 0x2d96a659 24
4 path.c:254 0x2d96a5c9 24
4 path.c:246 0x2d96a709 27
4 path.c:31 0x2d96a969 12
4 path.c:31 0x2d96a889 6
4 path.c:31 0x2d96ab39 9
4 dynarray.c:112 0x2d96ae29 32
4 dynarray.c:113 0x2d96acc9 24
4 path.c:254 0x2d96a989 24
2 path.c:128 0x2d96a989 24
1 dynarray.c:84 0x2d96ad69 24
2 dynarray.c:95 0x2d96acc9 16
2 path.c:90 0x2d96ab39 6
2 path.c:90 0x2d96a889 8
1 path.c:143 0x2d96a6c9 14
2 path.c:178 0x2d96a5c9 24
1 dynarray.c:84 0x2d96a709 24
2 dynarray.c:95 0x2d96a659 16
2 path.c:191 0x2d96a969 14
2 path.c:205 0x2d96ad99 6
3 path.c:223 0x2d96a969 0x2d96a969 14 6
4 path.c:246 0x2d96a969 6
4 path.c:31 0x2d96ad99 6
4 dynarray.c:112 0x2d96a659 16
4 dynarray.c:113 0x2d96a709 24
4 path.c:254 0x2d96a5c9 24
2 path.c:178 0x2d96a5c9 24
1 dynarray.c:84 0x2d96ad39 24
2 dynarray.c:95 0x2d96a709 16
2 path.c:191 0x2d96ad99 14
2 path.c:205 0x2d96a969 6
2 path.c:205 0x2d96ade9 8
3 path.c:223 0x2d96ad99 0x2d96ad99 14 14
4 path.c:246 0x2d96ad99 14
4 path.c:31 0x2d96a969 6
4 path.c:31 0x2d96ade9 8
4 dynarray.c:112 0x2d96a709 16
4 dynarray.c:113 0x2d96ad39 24
4 path.c:254 0x2d96a5c9 24
2 path.c:178 0x2d96a5c9 24
1 dynarray.c:84 0x2d96a659 24
2 dynarray.c:95 0x2d96ad39 16
2 path.c:191 0x2d96ade9 14
2 path.c:205 0x2d96a969 6
2 path.c:205 0x2d96ad99 8
3 path.c:223 0x2d96ade9 0x2d96ade9 14 14
1 bdtBad5.c:143 0x2d96ae29 32
2 path.c:178 0x2d96adb9 24
1 dynarray.c:84 0x2d96a709 24
2 dynarray.c:95 0x2d96ae69 16
2 path.c:191 0x2d96ae99 14
2 path.c:205 0x2d96aeb9 6
2 path.c:205 0x2d96aed9 8
3 path.c:223 0x2d96ae99 0x2d96ae99 14 14
4 path.c:246 0x2d96ade9 14
4 path.c:31 0x2d96a969 6
4 path.c:31 0x2d96ad99 8
4 dynarray.c:112 0x2d96ad39 16
4 dynarray.c:113 0x2d96a659 24
4 path.c:254 0x2d96a5c9 24
4 path.c:246 0x2d96a6c9 14
4 path.c:31 0x2d96ab39 6
4 path.c:31 0x2d96a889 8
4 dynarray.c:112 0x2d96acc9 16
4 dynarray.c:113 0x2d96ad69 24
4 path.c:254 0x2d96a989 24
2 path.c:128 0x2d96a989 24
1 dynarray.c:84 0x2d96ad39 24
2 dynarray.c:95 0x2d96ad69 16
2 path.c:90 0x2d96a889 6
2 path.c:90 0x2d96ab39 7
1 path.c:143 0x2d96ae09 13
2 path.c:178 0x2d96a5c9 24
1 dynarray.c:84 0x2d96acc9 24
2 dynarray.c:95 0x2d96a659 16
2 path.c:191 0x2d96a6c9 13
2 path.c:205 0x2d96a969 6
3 path.c:223 0x2d96a6c9 0x2d96a6c9 13 6
4 path.c:246 0x2d96a6c9 6
4 path.c:31 0x2d96a969 6
4 dynarray.c:112 0x2d96a659 16
4 dynarray.c:113 0x2d96acc9 24
4 path.c:254 0x2d96a5c9 24
2 path.c:178 0x2d96a5c9 24
1 dynarray.c:84 0x2d96a659 24
2 dynarray.c:95 0x2d96acc9 16
2 path.c:191 0x2d96a969 13
2 path.c:205 0x2d96a6c9 6
2 path.c:205 0x2d96ade9 7
3 path.c:223 0x2d96a969 0x2d96a969 13 13
4 path.c:246 0x2d96a969 13
4 path.c:31 0x2d96a6c9 6
4 path.c:31 0x2d96ade9 7
4 dynarray.c:112 0x2d96acc9 16
4 dynarray.c:113 0x2d96a659 24
4 path.c:254 0x2d96a5c9 24
2 path.c:178 0x2d96a5c9 24
1 dynarray.c:84 0x2d96acc9 24
2 dynarray.c:95 0x2d96a659 16
2 path.c:191 0x2d96ade9 13
2 path.c:205 0x2d96a6c9 6
2 path.c:205 0x2d96a969 7
3 path.c:223 0x2d96ade9 0x2d96ade9 13 13
1 bdtBad5.c:143 0x2d96acf9 32
2 path.c:178 0x2d96aef9 24
1 dynarray.c:84 0x2d96a939 24
2 dynarray.c:95 0x2d96af29 16
2 path.c:191 0x2d96af59 13
2 path.c:205 0x2d96af79 6
2 path.c:205 0x2d96af99 7
3 path.c:223 0x2d96af59 0x2d96af59 13 13
4 path.c:246 0x2d96af59 13
4 path.c:31 0x2d96af79 6
4 path.c:31 0x2d96af99 7
4 dynarray.c:112 0x2d96af29 16
4 dynarray.c:113 0x2d96a939 24
4 path.c:254 0x2d96aef9 24
4 bdtBad5.c:193 0x2d96acf9 32
4 path.c:246 0x2d96ae09 13
4 path.c:31 0x2d96a889 6
4 path.c:31 0x2d96ab39 7
4 dynarray.c:112 0x2d96ad69 16
4 dynarray.c:113 0x2d96ad39 24
4 path.c:254 0x2d96a989 24
4 path.c:246 0x2d96ade9 13
4 path.c:31 0x2d96a6c9 6
4 path.c:31 0x2d96a969 7
4 dynarray.c:112 0x2d96a659 16
4 dynarray.c:113 0x2d96acc9 24
4 path.c:254 0x2d96a5c9 24
2 path.c:128 0x2d96a5c9 24
1 dynarray.c:84 0x2d96a939 24
2 dynarray.c:95 0x2d96acc9 16
2 path.c:90 0x2d96a969 6
2 path.c:90 0x2d96a6c9 4
2 path.c:90 0x2d96ade9 5
3 dynarray.c:69 0x2d96afb9 0x2d96acc9 16 32
2 path.c:90 0x2d96ab39 7
1 path.c:143 0x2d96a659 22
2 path.c:178 0x2d96acc9 24
1 dynarray.c:84 0x2d96a989 24
2 dynarray.c:95 0x2d96ad39 16
2 path.c:191 0x2d96aef9 22
2 path.c:205 0x2d96a889 6
3 path.c:223 0x2d96aef9 0x2d96aef9 22 6
4 path.c:246 0x2d96aef9 6
4 path.c:31 0x2d96a889 6
4 dynarray.c:112 0x2d96ad39 16
4 dynarray.c:113 0x2d96a989 24
4 path.c:254 0x2d96acc9 24
2 path.c:178 0x2d96acc9 24
1 dynarray.c:84 0x2d96ad69 24
2 dynarray.c:95 0x2d96a989 16
2 path.c:191 0x2d96aef9 22
2 path.c:205 0x2d96a889 6
2 path.c:205 0x2d96ae09 4
3 path.c:223 0x2d96aef9 0x2d96aef9 22 10
4 path.c:246 0x2d96aef9 10
4 path.c:31 0x2d96a889 6
4 path.c:31 0x2d96ae09 4
4 dynarray.c:112 0x2d96a989 16
4 dynarray.c:113 0x2d96ad69 24
4 path.c:254 0x2d96acc9 24
2 path.c:178 0x2d96acc9 24
1 dynarray.c:84 0x2d96ad39 24
2 dynarray.c:95 0x2d96ad69 16
2 path.c:191 0x2d96aef9 22
2 path.c:205 0x2d96ae09 6
2 path.c:205 0x2d96a889 4
3 path.c:223 0x2d96aef9 0x2d96aef9 22 10
1 bdtBad5.c:143 0x2d96acf9 32
2 path.c:178 0x2d96aff9 24
1 dynarray.c:84 0x2d96a989 24
2 dynarray.c:95 0x2d96b029 16
2 path.c:191 0x2d96af99 10
2 path.c:205 0x2d96af79 6
2 path.c:205 0x2d96af59 4
3 path.c:223 0x2d96af99 0x2d96af99 10 10
4 path.c:246 0x2d96af99 10
4 path.c:31 0x2d96af79 6
4 path.c:31 0x2d96af59 4
4 dynarray.c:112 0x2d96b029 16
4 dynarray.c:113 0x2d96a989 24
4 path.c:254 0x2d96aff9 24
4 bdtBad5.c:193 0x2d96acf9 32
4 path.c:246 0x2d96a659 22
4 path.c:31 0x2d96a969 6
4 path.c:31 0x2d96a6c9 4
4 path.c:31 0x2d96ade9 5
4 path.c:31 0x2d96ab39 7
4 dynarray.c:112 0x2d96afb9 32
4 dynarray.c:113 0x2d96a939 24
4 path.c:254 0x2d96a5c9 24
4 path.c:246 0x2d96aef9 10
4 path.c:31 0x2d96ae09 6
4 path.c:31 0x2d96a889 4
4 dynarray.c:112 0x2d96ad69 16
4 dynarray.c:113 0x2d96ad39 24
4 path.c:254 0x2d96acc9 24
2 path.c:128 0x2d96acc9 24
1 dynarray.c:84 0x2d96b029 24
2 dynarray.c:95 0x2d96ad39 16
2 path.c:90 0x2d96a889 6
1 path.c:143 0x2d96ad99 6
2 path.c:178 0x2d96aef9 24
1 dynarray.c:84 0x2d96ad69 24
2 dynarray.c:95 0x2d96a5c9 16
2 path.c:191 0x2d96ae09 6
2 path.c:205 0x2d96ade9 6
3 path.c:223 0x2d96ae09 0x2d96ae09 6 6
4 path.c:246 0x2d96ae09 6
4 path.c:31 0x2d96ade9 6
4 dynarray.c:112 0x2d96a5c9 16
4 dynarray.c:113 0x2d96ad69 24
4 path.c:254 0x2d96aef9 24
4 path.c:246 0x2d96ad99 6
4 path.c:31 0x2d96a889 6
4 dynarray.c:112 0x2d96ad39 16
4 dynarray.c:113 0x2d96b029 24
4 path.c:254 0x2d96acc9 24
2 path.c:128 0x2d96acc9 24
1 dynarray.c:84 0x2d96a939 24
2 dynarray.c:95 0x2d96b029 16
2 path.c:90 0x2d96a889 6
2 path.c:90 0x2d96ad99 7
1 path.c:143 0x2d96ab39 13
2 path.c:178 0x2d96aef9 24
1 dynarray.c:84 0x2d96ad39 24
2 dynarray.c:95 0x2d96ad69 16
2 path.c:191 0x2d96ade9 13
2 path.c:205 0x2d96a6c9 6
3 path.c:223 0x2d96ade9 0x2d96ade9 13 6
4 path.c:246 0x2d96ade9 6
4 path.c:31 0x2d96a6c9 6
4 dynarray.c:112 0x2d96ad69 16
4 dynarray.c:113 0x2d96ad39 24
4 path.c:254 0x2d96aef9 24
2 path.c:178 0x2d96aef9 24
1 dynarray.c:84 0x2d96a5c9 24
2 dynarray.c:95 0x2d96ad39 16
2 path.c:191 0x2d96a6c9 13
2 path.c:205 0x2d96ade9 6
2 path.c:205 0x2d96a969 7
3 path.c:223 0x2d96a6c9 0x2d96a6c9 13 13
4 path.c:246 0x2d96a6c9 13
4 path.c:31 0x2d96ade9 6
4 path.c:31 0x2d96a969 7
4 dynarray.c:112 0x2d96ad39 16
4 dynarray.c:113 0x2d96a5c9 24
4 path.c:254 0x2d96aef9 24
4 path.c:246 0x2d96ab39 13
4 path.c:31 0x2d96a889 6
4 path.c:31 0x2d96ad99 7
4 dynarray.c:112 0x2d96b029 16
4 dynarray.c:113 0x2d96a939 24
4 path.c:254 0x2d96acc9 24
2 path.c:128 0x2d96acc9 24
1 dynarray.c:84 0x2d96ad69 24
2 dynarray.c:95 0x2d96a939 16
2 path.c:90 0x2d96ad99 6
2 path.c:90 0x2d96a889 8
1 path.c:143 0x2d96ae09 14
2 path.c:178 0x2d96aef9 24
1 dynarray.c:84 0x2d96b029 24
2 dynarray.c:95 0x2d96a5c9 16
2 path.c:191 0x2d96ab39 14
2 path.c:205 0x2d96ade9 6
3 path.c:223 0x2d96ab39 0x2d96ab39 14 6
4 path.c:246 0x2d96ab39 6
4 path.c:31 0x2d96ade9 6
4 dynarray.c:112 0x2d96a5c9 16
4 dynarray.c:113 0x2d96b029 24
4 path.c:254 0x2d96aef9 24
2 path.c:178 0x2d96aef9 24
1 dynarray.c:84 0x2d96ad39 24
2 dynarray.c:95 0x2d96b029 16
2 path.c:191 0x2d96ade9 14
2 path.c:205 0x2d96ab39 6
2 path.c:205 0x2d96a6c9 8
3 path.c:223 0x2d96ade9 0x2d96ade9 14 14
4 path.c:246 0x2d96ade9 14
4 path.c:31 0x2d96ab39 6
4 path.c:31 0x2d96a6c9 8
4 dynarray.c:112 0x2d96b029 16
4 dynarray.c:113 0x2d96ad39 24
4 path.c:254 0x2d96aef9 24
4 path.c:246 0x2d96ae09 14
4 path.c:31 0x2d96ad99 6
4 path.c:31 0x2d96a889 8
4 dynarray.c:112 0x2d96a939 16
4 dynarray.c:113 0x2d96ad69 24
4 path.c:254 0x2d96acc9 24
2 path.c:128 0x2d96acc9 24
1 dynarray.c:84 0x2d96a5c9 24
2 dynarray.c:95 0x2d96ad69 16
2 path.c:90 0x2d96a889 6
2 path.c:90 0x2d96ad99 7
1 path.c:143 0x2d96a969 13
2 path.c:178 0x2d96aef9 24
1 dynarray.c:84 0x2d96a939 24
2 dynarray.c:95 0x2d96ad39 16
2 path.c:191 0x2d96ae09 13
2 path.c:205 0x2d96ab39 6
3 path.c:223 0x2d96ae09 0x2d96ae09 13 6
4 path.c:246 0x2d96ae09 6
4 path.c:31 0x2d96ab39 6
4 dynarray.c:112 0x2d96ad39 16
4 dynarray.c:113 0x2d96a939 24
4 path.c:254 0x2d96aef9 24
2 path.c:178 0x2d96aef9 24
1 dynarray.c:84 0x2d96b029 24
2 dynarray.c:95 0x2d96a939 16
2 path.c:191 0x2d96ab39 13
2 path.c:205 0x2d96ae09 6
2 path.c:205 0x2d96ade9 7
3 path.c:223 0x2d96ab39 0x2d96ab39 13 13
4 path.c:246 0x2d96ab39 13
4 path.c:31 0x2d96ae09 6
4 path.c:31 0x2d96ade9 7
4 dynarray.c:112 0x2d96a939 16
4 dynarray.c:113 0x2d96b029 24
4 path.c:254 0x2d96aef9 24
2 path.c:128 0x2d96aef9 24
1 dynarray.c:84 0x2d96ad39 24
2 dynarray.c:95 0x2d96b029 16
2 path.c:90 0x2d96ade9 6
2 path.c:90 0x2d96ae09 4
1 path.c:143 0x2d96a6c9 10
2 path.c:178 0x2d96a659 24
1 dynarray.c:84 0x2d96a939 24
2 dynarray.c:95 0x2d96aff9 16
2 path.c:191 0x2d96ab39 10
2 path.c:205 0x2d96af79 6
3 path.c:223 0x2d96ab39 0x2d96ab39 10 6
4 path.c:246 0x2d96ab39 6
4 path.c:31 0x2d96af79 6
4 dynarray.c:112 0x2d96aff9 16
4 dynarray.c:113 0x2d96a939 24
4 path.c:254 0x2d96a659 24
2 path.c:178 0x2d96a659 24
1 dynarray.c:84 0x2d96a989 24
2 dynarray.c:95 0x2d96a939 16
2 path.c:191 0x2d96af79 10
2 path.c:205 0x2d96ab39 6
2 path.c:205 0x2d96af99 4
3 path.c:223 0x2d96af79 0x2d96af79 10 10
4 path.c:246 0x2d96af79 10
4 path.c:31 0x2d96ab39 6
4 path.c:31 0x2d96af99 4
4 dynarray.c:112 0x2d96a939 16
4 dynarray.c:113 0x2d96a989 24
4 path.c:254 0x2d96a659 24
2 path.c:128 0x2d96a659 24
1 dynarray.c:84 0x2d96aff9 24
2 dynarray.c:95 0x2d96a989 16
2 path.c:90 0x2d96af99 6
2 path.c:90 0x2d96ab39 4
2 path.c:90 0x2d96af79 5
3 dynarray.c:69 0x2d96b059 0x2d96a989 16 32
1 path.c:143 0x2d96a939 15
2 path.c:178 0x2d96a989 24
1 dynarray.c:84 0x2d96af29 24
2 dynarray.c:95 0x2d96b099 16
2 path.c:191 0x2d96b0c9 15
2 path.c:205 0x2d96b0f9 6
3 path.c:223 0x2d96b0c9 0x2d96b0c9 15 6
4 path.c:246 0x2d96b0c9 6
4 path.c:31 0x2d96b0f9 6
4 dynarray.c:112 0x2d96b099 16
4 dynarray.c:113 0x2d96af29 24
4 path.c:254 0x2d96a989 24
2 path.c:178 0x2d96a989 24
1 dynarray.c:84 0x2d96b099 24
2 dynarray.c:95 0x2d96af29 16
2 path.c:191 0x2d96b119 15
2 path.c:205 0x2d96b0f9 6
2 path.c:205 0x2d96b149 4
3 path.c:223 0x2d96b119 0x2d96b119 15 10
4 path.c:246 0x2d96b119 10
4 path.c:31 0x2d96b0f9 6
4 path.c:31 0x2d96b149 4
4 dynarray.c:112 0x2d96af29 16
4 dynarray.c:113 0x2d96b099 24
4 path.c:254 0x2d96a989 24
2 path.c:128 0x2d96a989 24
1 dynarray.c:84 0x2d96b119 24
2 dynarray.c:95 0x2d96b099 16
2 path.c:90 0x2d96b149 6
2 path.c:90 0x2d96b0f9 4
2 path.c:90 0x2d96b169 5
3 dynarray.c:69 0x2d96b189 0x2d96b099 16 32
2 path.c:90 0x2d96b1c9 7
1 path.c:143 0x2d96af29 22
2 path.c:178 0x2d96b099 24
1 dynarray.c:84 0x2d96b0c9 24
2 dynarray.c:95 0x2d96b1e9 16
2 path.c:191 0x2d96b219 22
2 path.c:205 0x2d96b249 6
3 path.c:223 0x2d96b219 0x2d96b219 22 6
4 path.c:246 0x2d96b219 6
4 path.c:31 0x2d96b249 6
4 dynarray.c:112 0x2d96b1e9 16
4 dynarray.c:113 0x2d96b0c9 24
4 path.c:254 0x2d96b099 24
2 path.c:178 0x2d96b099 24
1 dynarray.c:84 0x2d96b1e9 24
2 dynarray.c:95 0x2d96b0c9 16
2 path.c:191 0x2d96b269 22
2 path.c:205 0x2d96b249 6
2 path.c:205 0x2d96b299 4
3 path.c:223 0x2d96b269 0x2d96b269 22 10
4 path.c:246 0x2d96b269 10
4 path.c:31 0x2d96b249 6
4 path.c:31 0x2d96b299 4
4 dynarray.c:112 0x2d96b0c9 16
4 dynarray.c:113 0x2d96b1e9 24
4 path.c:254 0x2d96b099 24
1 dynarray.c:84 0x2d96b269 24
2 dynarray.c:95 0x2d96b2b9 32
1 bdtBad5.c:662 0x2d96b2f9 59
4 dynarray.c:112 0x2d96b2b9 32
4 dynarray.c:113 0x2d96b269 24
4 bdt_client.c:83 0x2d96b2f9 59
2 path.c:128 0x2d96b099 24
1 dynarray.c:84 0x2d96b269 24
2 dynarray.c:95 0x2d96b1e9 16
2 path.c:90 0x2d96b299 6
2 path.c:90 0x2d96b249 7
2 path.c:90 0x2d96b349 12
3 dynarray.c:69 0x2d96b369 0x2d96b1e9 16 32
1 path.c:143 0x2d96b0c9 25
2 path.c:178 0x2d96b1e9 24
1 dynarray.c:84 0x2d96b219 24
2 dynarray.c:95 0x2d96b3a9 16
2 path.c:191 0x2d96b3d9 25
2 path.c:205 0x2d96b409 6
3 path.c:223 0x2d96b3d9 0x2d96b3d9 25 6
4 path.c:246 0x2d96b3d9 6
4 path.c:31 0x2d96b409 6
4 dynarray.c:112 0x2d96b3a9 16
4 dynarray.c:113 0x2d96b219 24
4 path.c:254 0x2d96b1e9 24
2 path.c:178 0x2d96b1e9 24
1 dynarray.c:84 0x2d96b3a9 24
2 dynarray.c:95 0x2d96b219 16
2 path.c:191 0x2d96b429 25
2 path.c:205 0x2d96b409 6
2 path.c:205 0x2d96b459 7
3 path.c:223 0x2d96b429 0x2d96b429 25 13
4 path.c:246 0x2d96b429 13
4 path.c:31 0x2d96b409 6
4 path.c:31 0x2d96b459 7
4 dynarray.c:112 0x2d96b219 16
4 dynarray.c:113 0x2d96b3a9 24
4 path.c:254 0x2d96b1e9 24
2 path.c:178 0x2d96b1e9 24
1 dynarray.c:84 0x2d96b429 24
2 dynarray.c:95 0x2d96b3a9 24
2 path.c:191 0x2d96b479 25
2 path.c:205 0x2d96b459 6
2 path.c:205 0x2d96b409 7
2 path.c:205 0x2d96b4a9 12
3 path.c:223 0x2d96b479 0x2d96b479 25 25
4 path.c:246 0x2d96b479 25
4 path.c:31 0x2d96b459 6
4 path.c:31 0x2d96b409 7
4 path.c:31 0x2d96b4a9 12
4 dynarray.c:112 0x2d96b3a9 24
4 dynarray.c:113 0x2d96b429 24
4 path.c:254 0x2d96b1e9 24
4 path.c:246 0x2d96b0c9 25
4 path.c:31 0x2d96b299 6
4 path.c:31 0x2d96b249 7
4 path.c:31 0x2d96b349 12
4 dynarray.c:112 0x2d96b369 32
4 dynarray.c:113 0x2d96b269 24
4 path.c:254 0x2d96b099 24
2 path.c:128 0x2d96b099 24
1 dynarray.c:84 0x2d96b219 24
2 dynarray.c:95 0x2d96b269 16
2 path.c:90 0x2d96b349 6
2 path.c:90 0x2d96b249 8
2 path.c:90 0x2d96b299 12
3 dynarray.c:69 0x2d96b4c9 0x2d96b269 16 32
1 path.c:143 0x2d96b0c9 26
2 path.c:178 0x2d96b269 24
1 dynarray.c:84 0x2d96b1e9 24
2 dynarray.c:95 0x2d96b429 16
2 path.c:191 0x2d96b479 26
2 path.c:205 0x2d96b4a9 6
3 path.c:223 0x2d96b479 0x2d96b479 26 6
4 path.c:246 0x2d96b479 6
4 path.c:31 0x2d96b4a9 6
4 dynarray.c:112 0x2d96b429 16
4 dynarray.c:113 0x2d96b1e9 24
4 path.c:254 0x2d96b269 24
2 path.c:178 0x2d96b269 24
1 dynarray.c:84 0x2d96b3a9 24
2 dynarray.c:95 0x2d96b1e9 16
2 path.c:191 0x2d96b479 26
2 path.c:205 0x2d96b4a9 6
2 path.c:205 0x2d96b409 8
3 path.c:223 0x2d96b479 0x2d96b479 26 14
4 path.c:246 0x2d96b479 14
4 path.c:31 0x2d96b4a9 6
4 path.c:31 0x2d96b409 8
4 dynarray.c:112 0x2d96b1e9 16
4 dynarray.c:113 0x2d96b3a9 24
4 path.c:254 0x2d96b269 24
2 path.c:178 0x2d96b269 24
1 dynarray.c:84 0x2d96b429 24
2 dynarray.c:95 0x2d96b3a9 24
2 path.c:191 0x2d96b479 26
2 path.c:205 0x2d96b409 6
2 path.c:205 0x2d96b4a9 8
2 path.c:205 0x2d96b459 12
3 path.c:223 0x2d96b479 0x2d96b479 26 26
4 path.c:246 0x2d96b479 26
4 path.c:31 0x2d96b409 6
4 path.c:31 0x2d96b4a9 8
4 path.c:31 0x2d96b459 12
4 dynarray.c:112 0x2d96b3a9 24
4 dynarray.c:113 0x2d96b429 24
4 path.c:254 0x2d96b269 24
2 path.c:128 0x2d96b269 24
1 dynarray.c:84 0x2d96b1e9 24
2 dynarray.c:95 0x2d96b429 16
2 path.c:90 0x2d96b459 6
2 path.c:90 0x2d96b4a9 8
2 path.c:90 0x2d96b409 12
3 dynarray.c:69 0x2d96b509 0x2d96b429 16 32
1 path.c:143 0x2d96b3a9 26
2 path.c:178 0x2d96b429 24
1 dynarray.c:84 0x2d96b479 24
2 dynarray.c:95 0x2d96b549 16
2 path.c:191 0x2d96b579 26
2 path.c:205 0x2d96b5a9 6
3 path.c:223 0x2d96b579 0x2d96b579 26 6
4 path.c:246 0x2d96b579 6
4 path.c:31 0x2d96b5a9 6
4 dynarray.c:112 0x2d96b549 16
4 dynarray.c:113 0x2d96b479 24
4 path.c:254 0x2d96b429 24
2 path.c:178 0x2d96b429 24
1 dynarray.c:84 0x2d96b579 24
2 dynarray.c:95 0x2d96b479 16
2 path.c:191 0x2d96b5c9 26
2 path.c:205 0x2d96b5a9 6
2 path.c:205 0x2d96b5f9 8
3 path.c:223 0x2d96b5c9 0x2d96b5c9 26 14
4 path.c:246 0x2d96b5c9 14
4 path.c:31 0x2d96b5a9 6
4 path.c:31 0x2d96b5f9 8
4 dynarray.c:112 0x2d96b479 16
4 dynarray.c:113 0x2d96b579 24
4 path.c:254 0x2d96b429 24
2 path.c:178 0x2d96b429 24
1 dynarray.c:84 0x2d96b549 24
2 dynarray.c:95 0x2d96b579 24
2 path.c:191 0x2d96b5c9 26
2 path.c:205 0x2d96b5f9 6
2 path.c:205 0x2d96b5a9 8
2 path.c:205 0x2d96b619 12
3 path.c:223 0x2d96b5c9 0x2d96b5c9 26 26
4 path.c:246 0x2d96b5c9 26
4 path.c:31 0x2d96b5f9 6
4 path.c:31 0x2d96b5a9 8
4 path.c:31 0x2d96b619 12
4 dynarray.c:112 0x2d96b579 24
4 dynarray.c:113 0x2d96b549 24
4 path.c:254 0x2d96b429 24
2 path.c:178 0x2d96b429 24
1 dynarray.c:84 0x2d96b479 24
2 dynarray.c:95 0x2d96b549 24
2 path.c:191 0x2d96b5c9 26
2 path.c:205 0x2d96b619 6
2 path.c:205 0x2d96b5a9 8
2 path.c:205 0x2d96b5f9 12
3 path.c:223 0x2d96b5c9 0x2d96b5c9 26 26
1 bdtBad5.c:143 0x2d96b369 32
2 path.c:178 0x2d96b639 24
1 dynarray.c:84 0x2d96b579 24
2 dynarray.c:95 0x2d96b669 24
2 path.c:191 0x2d96b699 26
2 path.c:205 0x2d96b6c9 6
2 path.c:205 0x2d96b6e9 8
2 path.c:205 0x2d96b709 12
3 path.c:223 0x2d96b699 0x2d96b699 26 26
4 path.c:246 0x2d96b5c9 26
4 path.c:31 0x2d96b619 6
4 path.c:31 0x2d96b5a9 8
4 path.c:31 0x2d96b5f9 12
4 dynarray.c:112 0x2d96b549 24
4 dynarray.c:113 0x2d96b479 24
4 path.c:254 0x2d96b429 24
4 path.c:246 0x2d96b3a9 26
4 path.c:31 0x2d96b459 6
4 path.c:31 0x2d96b4a9 8
4 path.c:31 0x2d96b409 12
4 dynarray.c:112 0x2d96b509 32
4 dynarray.c:113 0x2d96b1e9 24
4 path.c:254 0x2d96b269 24
2 path.c:128 0x2d96b269 24
1 dynarray.c:84 0x2d96b5c9 24
2 dynarray.c:95 0x2d96b1e9 16
2 path.c:90 0x2d96b409 6
2 path.c:90 0x2d96b4a9 7
2 path.c:90 0x2d96b459 12
3 dynarray.c:69 0x2d96b729 0x2d96b1e9 16 32
1 path.c:143 0x2d96b3a9 25
2 path.c:178 0x2d96b1e9 24
1 dynarray.c:84 0x2d96b429 24
2 dynarray.c:95 0x2d96b479 16
2 path.c:191 0x2d96b769 25
2 path.c:205 0x2d96b5f9 6
3 path.c:223 0x2d96b769 0x2d96b769 25 6
4 path.c:246 0x2d96b769 6
4 path.c:31 0x2d96b5f9 6
4 dynarray.c:112 0x2d96b479 16
4 dynarray.c:113 0x2d96b429 24
4 path.c:254 0x2d96b1e9 24
2 path.c:178 0x2d96b1e9 24
1 dynarray.c:84 0x2d96b549 24
2 dynarray.c:95 0x2d96b429 16
2 path.c:191 0x2d96b769 25
2 path.c:205 0x2d96b5f9 6
2 path.c:205 0x2d96b5a9 7
3 path.c:223 0x2d96b769 0x2d96b769 25 13
4 path.c:246 0x2d96b769 13
4 path.c:31 0x2d96b5f9 6
4 path.c:31 0x2d96b5a9 7
4 dynarray.c:112 0x2d96b429 16
4 dynarray.c:113 0x2d96b549 24
4 path.c:254 0x2d96b1e9 24
2 path.c:178 0x2d96b1e9 24
1 dynarray.c:84 0x2d96b479 24
2 dynarray.c:95 0x2d96b549 24
2 path.c:191 0x2d96b769 25
2 path.c:205 0x2d96b5a9 6
2 path.c:205 0x2d96b5f9 7
2 path.c:205 0x2d96b619 12
3 path.c:223 0x2d96b769 0x2d96b769 25 25
4 path.c:246 0x2d96b769 25
4 path.c:31 0x2d96b5a9 6
4 path.c:31 0x2d96b5f9 7
4 path.c:31 0x2d96b619 12
4 dynarray.c:112 0x2d96b549 24
4 dynarray.c:113 0x2d96b479 24
4 path.c:254 0x2d96b1e9 24
4 path.c:246 0x2d96b3a9 25
4 path.c:31 0x2d96b409 6
4 path.c:31 0x2d96b4a9 7
4 path.c:31 0x2d96b459 12
4 dynarray.c:112 0x2d96b729 32
4 dynarray.c:113 0x2d96b5c9 24
4 path.c:254 0x2d96b269 24
2 path.c:128 0x2d96b269 24
1 dynarray.c:84 0x2d96b429 24
2 dynarray.c:95 0x2d96b5c9 16
2 path.c:90 0x2d96b459 6
2 path.c:90 0x2d96b4a9 8
2 path.c:90 0x2d96b409 12
3 dynarray.c:69 0x2d96b799 0x2d96b5c9 16 32
1 path.c:143 0x2d96b3a9 26
2 path.c:178 0x2d96b5c9 24
1 dynarray.c:84 0x2d96b1e9 24
2 dynarray.c:95 0x2d96b479 16
2 path.c:191 0x2d96b769 26
2 path.c:205 0x2d96b619 6
3 path.c:223 0x2d96b769 0x2d96b769 26 6
4 path.c:246 0x2d96b769 6
4 path.c:31 0x2d96b619 6
4 dynarray.c:112 0x2d96b479 16
4 dynarray.c:113 0x2d96b1e9 24
4 path.c:254 0x2d96b5c9 24
2 path.c:178 0x2d96b5c9 24
1 dynarray.c:84 0x2d96b549 24
2 dynarray.c:95 0x2d96b1e9 16
2 path.c:191 0x2d96b769 26
2 path.c:205 0x2d96b619 6
2 path.c:205 0x2d96b5f9 8
3 path.c:223 0x2d96b769 0x2d96b769 26 14
4 path.c:246 0x2d96b769 14
4 path.c:31 0x2d96b619 6
4 path.c:31 0x2d96b5f9 8
4 dynarray.c:112 0x2d96b1e9 16
4 dynarray.c:113 0x2d96b549 24
4 path.c:254 0x2d96b5c9 24
2 path.c:178 0x2d96b5c9 24
1 dynarray.c:84 0x2d96b479 24
2 dynarray.c:95 0x2d96b549 24
2 path.c:191 0x2d96b769 26
2 path.c:205 0x2d96b5f9 6
2 path.c:205 0x2d96b619 8
2 path.c:205 0x2d96b5a9 12
3 path.c:223 0x2d96b769 0x2d96b769 26 26
4 path.c:246 0x2d96b769 26
4 path.c:31 0x2d96b5f9 6
4 path.c:31 0x2d96b619 8
4 path.c:31 0x2d96b5a9 12
4 dynarray.c:112 0x2d96b549 24
4 dynarray.c:113 0x2d96b479 24
4 path.c:254 0x2d96b5c9 24
4 path.c:246 0x2d96b3a9 26
4 path.c:31 0x2d96b459 6
4 path.c:31 0x2d96b4a9 8
4 path.c:31 0x2d96b409 12
4 dynarray.c:112 0x2d96b799 32
4 dynarray.c:113 0x2d96b429 24
4 path.c:254 0x2d96b269 24
2 path.c:128 0x2d96b269 24
1 dynarray.c:84 0x2d96b1e9 24
2 dynarray.c:95 0x2d96b429 16
2 path.c:90 0x2d96b409 6
2 path.c:90 0x2d96b4a9 8
2 path.c:90 0x2d96b459 12
3 dynarray.c:69 0x2d96b799 0x2d96b429 16 32
1 path.c:143 0x2d96b3a9 26
2 path.c:178 0x2d96b429 24
1 dynarray.c:84 0x2d96b5c9 24
2 dynarray.c:95 0x2d96b479 16
2 path.c:191 0x2d96b769 26
2 path.c:205 0x2d96b5a9 6
3 path.c:223 0x2d96b769 0x2d96b769 26 6
4 path.c:246 0x2d96b769 6
4 path.c:31 0x2d96b5a9 6
4 dynarray.c:112 0x2d96b479 16
4 dynarray.c:113 0x2d96b5c9 24
4 path.c:254 0x2d96b429 24
2 path.c:178 0x2d96b429 24
1 dynarray.c:84 0x2d96b549 24
2 dynarray.c:95 0x2d96b5c9 16
2 path.c:191 0x2d96b769 26
2 path.c:205 0x2d96b5a9 6
2 path.c:205 0x2d96b619 8
3 path.c:223 0x2d96b769 0x2d96b769 26 14
4 path.c:246 0x2d96b769 14
4 path.c:31 0x2d96b5a9 6
4 path.c:31 0x2d96b619 8
4 dynarray.c:112 0x2d96b5c9 16
4 dynarray.c:113 0x2d96b549 24
4 path.c:254 0x2d96b429 24
2 path.c:178 0x2d96b429 24
1 dynarray.c:84 0x2d96b479 24
2 dynarray.c:95 0x2d96b549 24
2 path.c:191 0x2d96b769 26
2 path.c:205 0x2d96b619 6
2 path.c:205 0x2d96b5a9 8
2 path.c:205 0x2d96b5f9 12
3 path.c:223 0x2d96b769 0x2d96b769 26 26
4 path.c:246 0x2d96b769 26
4 path.c:31 0x2d96b619 6
4 path.c:31 0x2d96b5a9 8
4 path.c:31 0x2d96b5f9 12
4 dynarray.c:112 0x2d96b549 24
4 dynarray.c:113 0x2d96b479 24
4 path.c:254 0x2d96b429 24
4 path.c:246 0x2d96b3a9 26
4 path.c:31 0x2d96b409 6
4 path.c:31 0x2d96b4a9 8
4 path.c:31 0x2d96b459 12
4 dynarray.c:112 0x2d96b799 32
4 dynarray.c:113 0x2d96b1e9 24
4 path.c:254 0x2d96b269 24
2 path.c:128 0x2d96b269 24
1 dynarray.c:84 0x2d96b5c9 24
2 dynarray.c:95 0x2d96b1e9 16
2 path.c:90 0x2d96b459 6
2 path.c:90 0x2d96b4a9 8
2 path.c:90 0x2d96b409 12
3 dynarray.c:69 0x2d96b799 0x2d96b1e9 16 32
2 path.c:90 0x2d96b5f9 6
1 path.c:143 0x2d96b729 32
2 path.c:178 0x2d96b1e9 24
1 dynarray.c:84 0x2d96b3a9 24
2 dynarray.c:95 0x2d96b429 16
2 path.c:191 0x2d96b7d9 32
2 path.c:205 0x2d96b5a9 6
3 path.c:223 0x2d96b7d9 0x2d96b7d9 32 6
4 path.c:246 0x2d96b7d9 6
4 path.c:31 0x2d96b5a9 6
4 dynarray.c:112 0x2d96b429 16
4 dynarray.c:113 0x2d96b3a9 24
4 path.c:254 0x2d96b1e9 24
2 path.c:178 0x2d96b1e9 24
1 dynarray.c:84 0x2d96b479 24
2 dynarray.c:95 0x2d96b3a9 16
2 path.c:191 0x2d96b819 32
2 path.c:205 0x2d96b5a9 6
2 path.c:205 0x2d96b7d9 8
3 path.c:223 0x2d96b819 0x2d96b819 32 14
4 path.c:246 0x2d96b819 14
4 path.c:31 0x2d96b5a9 6
4 path.c:31 0x2d96b7d9 8
4 dynarray.c:112 0x2d96b3a9 16
4 dynarray.c:113 0x2d96b479 24
4 path.c:254 0x2d96b1e9 24
2 path.c:178 0x2d96b1e9 24
1 dynarray.c:84 0x2d96b429 24
2 dynarray.c:95 0x2d96b479 24
2 path.c:191 0x2d96b859 32
2 path.c:205 0x2d96b7d9 6
2 path.c:205 0x2d96b5a9 8
2 path.c:205 0x2d96b819 12
3 path.c:223 0x2d96b859 0x2d96b859 32 26
4 path.c:246 0x2d96b859 26
4 path.c:31 0x2d96b7d9 6
4 path.c:31 0x2d96b5a9 8
4 path.c:31 0x2d96b819 12
4 dynarray.c:112 0x2d96b479 24
4 dynarray.c:113 0x2d96b429 24
4 path.c:254 0x2d96b1e9 24
2 path.c:178 0x2d96b1e9 24
1 dynarray.c:84 0x2d96b3a9 24
2 dynarray.c:95 0x2d96b899 32
2 path.c:191 0x2d96b8d9 32
2 path.c:205 0x2d96b819 6
2 path.c:205 0x2d96b5a9 8
2 path.c:205 0x2d96b7d9 12
2 path.c:205 0x2d96b839 6
3 path.c:223 0x2d96b8d9 0x2d96b8d9 32 32
4 path.c:246 0x2d96b8d9 32
4 path.c:31 0x2d96b819 6
4 path.c:31 0x2d96b5a9 8
4 path.c:31 0x2d96b7d9 12
4 path.c:31 0x2d96b839 6
4 dynarray.c:112 0x2d96b899 32
4 dynarray.c:113 0x2d96b3a9 24
4 path.c:254 0x2d96b1e9 24
2 path.c:178 0x2d96b1e9 24
1 dynarray.c:84 0x2d96b3a9 24
2 dynarray.c:95 0x2d96b899 32
2 path.c:191 0x2d96b8d9 32
2 path.c:205 0x2d96b839 6
2 path.c:205 0x2d96b7d9 8
2 path.c:205 0x2d96b5a9 12
2 path.c:205 0x2d96b819 6
3 path.c:223 0x2d96b8d9 0x2d96b8d9 32 32
1 bdtBad5.c:143 0x2d96b859 32
2 path.c:178 0x2d96b429 24
1 dynarray.c:84 0x2d96b479 24
2 dynarray.c:95 0x2d96b919 32
2 path.c:191 0x2d96b959 32
2 path.c:205 0x2d96b7f9 6
2 path.c:205 0x2d96b619 8
2 path.c:205 0x2d96b999 12
2 path.c:205 0x2d96b9b9 6
3 path.c:223 0x2d96b959 0x2d96b959 32 32
4 path.c:246 0x2d96b8d9 32
4 path.c:31 0x2d96b839 6
4 path.c:31 0x2d96b7d9 8
4 path.c:31 0x2d96b5a9 12
4 path.c:31 0x2d96b819 6
4 dynarray.c:112 0x2d96b899 32
4 dynarray.c:113 0x2d96b3a9 24
4 path.c:254 0x2d96b1e9 24
4 path.c:246 0x2d96b729 32
4 path.c:31 0x2d96b459 6
4 path.c:31 0x2d96b4a9 8
4 path.c:31 0x2d96b409 12
4 path.c:31 0x2d96b5f9 6
4 dynarray.c:112 0x2d96b799 32
4 dynarray.c:113 0x2d96b5c9 24
4 path.c:254 0x2d96b269 24
2 path.c:128 0x2d96b269 24
1 dynarray.c:84 0x2d96b3a9 24
2 dynarray.c:95 0x2d96b5c9 16
2 path.c:90 0x2d96b5f9 6
2 path.c:90 0x2d96b409 8
2 path.c:90 0x2d96b4a9 12
3 dynarray.c:69 0x2d96b799 0x2d96b5c9 16 32
2 path.c:90 0x2d96b459 6
1 path.c:143 0x2d96b8d9 32
2 path.c:178 0x2d96b5c9 24
1 dynarray.c:84 0x2d96b1e9 24
2 dynarray.c:95 0x2d96b549 16
2 path.c:191 0x2d96b729 32
2 path.c:205 0x2d96b819 6
3 path.c:223 0x2d96b729 0x2d96b729 32 6
4 path.c:246 0x2d96b729 6
4 path.c:31 0x2d96b819 6
4 dynarray.c:112 0x2d96b549 16
4 dynarray.c:113 0x2d96b1e9 24
4 path.c:254 0x2d96b5c9 24
2 path.c:178 0x2d96b5c9 24
1 dynarray.c:84 0x2d96b769 24
2 dynarray.c:95 0x2d96b1e9 16
2 path.c:191 0x2d96b9d9 32
2 path.c:205 0x2d96b819 6
2 path.c:205 0x2d96b729 8
3 path.c:223 0x2d96b9d9 0x2d96b9d9 32 14
4 path.c:246 0x2d96b9d9 14
4 path.c:31 0x2d96b819 6
4 path.c:31 0x2d96b729 8
4 dynarray.c:112 0x2d96b1e9 16
4 dynarray.c:113 0x2d96b769 24
4 path.c:254 0x2d96b5c9 24
2 path.c:178 0x2d96b5c9 24
1 dynarray.c:84 0x2d96b549 24
2 dynarray.c:95 0x2d96b769 24
2 path.c:191 0x2d96ba19 32
2 path.c:205 0x2d96b729 6
2 path.c:205 0x2d96b819 8
2 path.c:205 0x2d96b9d9 12
3 path.c:223 0x2d96ba19 0x2d96ba19 32 26
4 path.c:246 0x2d96ba19 26
4 path.c:31 0x2d96b729 6
4 path.c:31 0x2d96b819 8
4 path.c:31 0x2d96b9d9 12
4 dynarray.c:112 0x2d96b769 24
4 dynarray.c:113 0x2d96b549 24
4 path.c:254 0x2d96b5c9 24
2 path.c:178 0x2d96b5c9 24
1 dynarray.c:84 0x2d96b1e9 24
2 dynarray.c:95 0x2d96ba19 32
2 path.c:191 0x2d96ba59 32
2 path.c:205 0x2d96b9d9 6
2 path.c:205 0x2d96b819 8
2 path.c:205 0x2d96b729 12
2 path.c:205 0x2d96b9f9 6
3 path.c:223 0x2d96ba59 0x2d96ba59 32 32
4 path.c:246 0x2d96ba59 32
4 path.c:31 0x2d96b9d9 6
4 path.c:31 0x2d96b819 8
4 path.c:31 0x2d96b729 12
4 path.c:31 0x2d96b9f9 6
4 dynarray.c:112 0x2d96ba19 32
4 dynarray.c:113 0x2d96b1e9 24
4 path.c:254 0x2d96b5c9 24
4 path.c:246 0x2d96b8d9 32
4 path.c:31 0x2d96b5f9 6
4 path.c:31 0x2d96b409 8
4 path.c:31 0x2d96b4a9 12
4 path.c:31 0x2d96b459 6
4 dynarray.c:112 0x2d96b799 32
4 dynarray.c:113 0x2d96b3a9 24
4 path.c:254 0x2d96b269 24
1 dynarray.c:84 0x2d96b1e9 24
2 dynarray.c:95 0x2d96ba99 48
1 bdtBad5.c:662 0x2d96bae9 117
4 dynarray.c:112 0x2d96ba99 48
4 dynarray.c:113 0x2d96b1e9 24
4 bdt_client.c:97 0x2d96bae9 117
2 path.c:128 0x2d96b269 24
1 dynarray.c:84 0x2d96b1e9 24
2 dynarray.c:95 0x2d96b3a9 16
2 path.c:90 0x2d96b459 6
2 path.c:90 0x2d96b4a9 8
2 path.c:90 0x2d96b409 12
3 dynarray.c:69 0x2d96b799 0x2d96b3a9 16 32
2 path.c:90 0x2d96b5f9 6
1 path.c:143 0x2d96b899 32
2 path.c:178 0x2d96b3a9 24
1 dynarray.c:84 0x2d96b5c9 24
2 dynarray.c:95 0x2d96b549 16
2 path.c:191 0x2d96b8d9 32
2 path.c:205 0x2d96b9f9 6
3 path.c:223 0x2d96b8d9 0x2d96b8d9 32 6
4 path.c:246 0x2d96b8d9 6
4 path.c:31 0x2d96b9f9 6
4 dynarray.c:112 0x2d96b549 16
4 dynarray.c:113 0x2d96b5c9 24
4 path.c:254 0x2d96b3a9 24
2 path.c:178 0x2d96b3a9 24
1 dynarray.c:84 0x2d96b769 24
2 dynarray.c:95 0x2d96b5c9 16
2 path.c:191 0x2d96ba59 32
2 path.c:205 0x2d96b9f9 6
2 path.c:205 0x2d96b8d9 8
3 path.c:223 0x2d96ba59 0x2d96ba59 32 14
4 path.c:246 0x2d96ba59 14
4 path.c:31 0x2d96b9f9 6
4 path.c:31 0x2d96b8d9 8
4 dynarray.c:112 0x2d96b5c9 16
4 dynarray.c:113 0x2d96b769 24
4 path.c:254 0x2d96b3a9 24
2 path.c:178 0x2d96b3a9 24
1 dynarray.c:84 0x2d96b549 24
2 dynarray.c:95 0x2d96b769 24
2 path.c:191 0x2d96bb79 32
2 path.c:205 0x2d96b8d9 6
2 path.c:205 0x2d96b9f9 8
2 path.c:205 0x2d96ba59 12
3 path.c:223 0x2d96bb79 0x2d96bb79 32 26
4 path.c:246 0x2d96bb79 26
4 path.c:31 0x2d96b8d9 6
4 path.c:31 0x2d96b9f9 8
4 path.c:31 0x2d96ba59 12
4 dynarray.c:112 0x2d96b769 24
4 dynarray.c:113 0x2d96b549 24
4 path.c:254 0x2d96b3a9 24
2 path.c:178 0x2d96b3a9 24
1 dynarray.c:84 0x2d96b5c9 24
2 dynarray.c:95 0x2d96bb79 32
2 path.c:191 0x2d96bbb9 32
2 path.c:205 0x2d96ba59 6
2 path.c:205 0x2d96b9f9 8
2 path.c:205 0x2d96b8d9 12
2 path.c:205 0x2d96ba79 6
3 path.c:223 0x2d96bbb9 0x2d96bbb9 32 32
4 path.c:246 0x2d96bbb9 32
4 path.c:31 0x2d96ba59 6
4 path.c:31 0x2d96b9f9 8
4 path.c:31 0x2d96b8d9 12
4 path.c:31 0x2d96ba79 6
4 dynarray.c:112 0x2d96bb79 32
4 dynarray.c:113 0x2d96b5c9 24
4 path.c:254 0x2d96b3a9 24
4 path.c:246 0x2d96b899 32
4 path.c:31 0x2d96b459 6
4 path.c:31 0x2d96b4a9 8
4 path.c:31 0x2d96b409 12
4 path.c:31 0x2d96b5f9 6
4 dynarray.c:112 0x2d96b799 32
4 dynarray.c:113 0x2d96b1e9 24
4 path.c:254 0x2d96b269 24
2 path.c:128 0x2d96b269 24
1 dynarray.c:84 0x2d96b5c9 24
2 dynarray.c:95 0x2d96b1e9 16
2 path.c:90 0x2d96b5f9 6
2 path.c:90 0x2d96b409 8
2 path.c:90 0x2d96b4a9 8
3 dynarray.c:69 0x2d96b799 0x2d96b1e9 16 32
1 path.c:143 0x2d96b3a9 22
2 path.c:178 0x2d96b1e9 24
1 dynarray.c:84 0x2d96b549 24
2 dynarray.c:95 0x2d96b769 16
2 path.c:191 0x2d96bbf9 22
2 path.c:205 0x2d96b459 6
3 path.c:223 0x2d96bbf9 0x2d96bbf9 22 6
4 path.c:246 0x2d96bbf9 6
4 path.c:31 0x2d96b459 6
4 dynarray.c:112 0x2d96b769 16
4 dynarray.c:113 0x2d96b549 24
4 path.c:254 0x2d96b1e9 24
2 path.c:178 0x2d96b1e9 24
1 dynarray.c:84 0x2d96bbf9 24
2 dynarray.c:95 0x2d96b549 16
2 path.c:191 0x2d96bc29 22
2 path.c:205 0x2d96b459 6
2 path.c:205 0x2d96ba79 8
3 path.c:223 0x2d96bc29 0x2d96bc29 22 14
4 path.c:246 0x2d96bc29 14
4 path.c:31 0x2d96b459 6
4 path.c:31 0x2d96ba79 8
4 dynarray.c:112 0x2d96b549 16
4 dynarray.c:113 0x2d96bbf9 24
4 path.c:254 0x2d96b1e9 24
2 path.c:178 0x2d96b1e9 24
1 dynarray.c:84 0x2d96b769 24
2 dynarray.c:95 0x2d96bbf9 24
2 path.c:191 0x2d96bc29 22
2 path.c:205 0x2d96ba79 6
2 path.c:205 0x2d96b459 8
2 path.c:205 0x2d96b8d9 8
3 path.c:223 0x2d96bc29 0x2d96bc29 22 22
4 path.c:246 0x2d96bc29 22
4 path.c:31 0x2d96ba79 6
4 path.c:31 0x2d96b459 8
4 path.c:31 0x2d96b8d9 8
4 dynarray.c:112 0x2d96bbf9 24
4 dynarray.c:113 0x2d96b769 24
4 path.c:254 0x2d96b1e9 24
2 path.c:128 0x2d96b1e9 24
1 dynarray.c:84 0x2d96b549 24
2 dynarray.c:95 0x2d96b769 16
2 path.c:90 0x2d96b8d9 6
2 path.c:90 0x2d96b459 8
2 path.c:90 0x2d96ba79 8
3 dynarray.c:69 0x2d96b899 0x2d96b769 16 32
1 path.c:143 0x2d96bbf9 22
2 path.c:178 0x2d96b769 24
1 dynarray.c:84 0x2d96bc29 24
2 dynarray.c:95 0x2d96bc59 16
2 path.c:191 0x2d96bc89 22
2 path.c:205 0x2d96b9f9 6
3 path.c:223 0x2d96bc89 0x2d96bc89 22 6
4 path.c:246 0x2d96bc89 6
4 path.c:31 0x2d96b9f9 6
4 dynarray.c:112 0x2d96bc59 16
4 dynarray.c:113 0x2d96bc29 24
4 path.c:254 0x2d96b769 24
2 path.c:178 0x2d96b769 24
1 dynarray.c:84 0x2d96bc89 24
2 dynarray.c:95 0x2d96bc29 16
2 path.c:191 0x2d96bcb9 22
2 path.c:205 0x2d96b9f9 6
2 path.c:205 0x2d96ba59 8
3 path.c:223 0x2d96bcb9 0x2d96bcb9 22 14
4 path.c:246 0x2d96bcb9 14
4 path.c:31 0x2d96b9f9 6
4 path.c:31 0x2d96ba59 8
4 dynarray.c:112 0x2d96bc29 16
4 dynarray.c:113 0x2d96bc89 24
4 path.c:254 0x2d96b769 24
2 path.c:178 0x2d96b769 24
1 dynarray.c:84 0x2d96bc59 24
2 dynarray.c:95 0x2d96bc89 24
2 path.c:191 0x2d96bcb9 22
2 path.c:205 0x2d96ba59 6
2 path.c:205 0x2d96b9f9 8
2 path.c:205 0x2d96b8f9 8
3 path.c:223 0x2d96bcb9 0x2d96bcb9 22 22
4 path.c:246 0x2d96bcb9 22
4 path.c:31 0x2d96ba59 6
4 path.c:31 0x2d96b9f9 8
4 path.c:31 0x2d96b8f9 8
4 dynarray.c:112 0x2d96bc89 24
4 dynarray.c:113 0x2d96bc59 24
4 path.c:254 0x2d96b769 24
2 path.c:128 0x2d96b769 24
1 dynarray.c:84 0x2d96bc29 24
2 dynarray.c:95 0x2d96bc59 16
2 path.c:90 0x2d96b8f9 6
2 path.c:90 0x2d96b9f9 8
2 path.c:90 0x2d96ba59 8
3 dynarray.c:69 0x2d96bb79 0x2d96bc59 16 32
1 path.c:143 0x2d96bc89 22
2 path.c:178 0x2d96bc59 24
1 dynarray.c:84 0x2d96bcb9 24
2 dynarray.c:95 0x2d96bce9 16
2 path.c:191 0x2d96bd19 22
2 path.c:205 0x2d96b729 6
3 path.c:223 0x2d96bd19 0x2d96bd19 22 6
4 path.c:246 0x2d96bd19 6
4 path.c:31 0x2d96b729 6
4 dynarray.c:112 0x2d96bce9 16
4 dynarray.c:113 0x2d96bcb9 24
4 path.c:254 0x2d96bc59 24
2 path.c:178 0x2d96bc59 24
1 dynarray.c:84 0x2d96bd19 24
2 dynarray.c:95 0x2d96bcb9 16
2 path.c:191 0x2d96bd49 22
2 path.c:205 0x2d96b729 6
2 path.c:205 0x2d96b819 8
3 path.c:223 0x2d96bd49 0x2d96bd49 22 14
4 path.c:246 0x2d96bd49 14
4 path.c:31 0x2d96b729 6
4 path.c:31 0x2d96b819 8
4 dynarray.c:112 0x2d96bcb9 16
4 dynarray.c:113 0x2d96bd19 24
4 path.c:254 0x2d96bc59 24
2 path.c:178 0x2d96bc59 24
1 dynarray.c:84 0x2d96bce9 24
2 dynarray.c:95 0x2d96bd19 24
2 path.c:191 0x2d96bd49 22
2 path.c:205 0x2d96b819 6
2 path.c:205 0x2d96b729 8
2 path.c:205 0x2d96b9d9 8
3 path.c:223 0x2d96bd49 0x2d96bd49 22 22
4 path.c:246 0x2d96bd49 22
4 path.c:31 0x2d96b819 6
4 path.c:31 0x2d96b729 8
4 path.c:31 0x2d96b9d9 8
4 dynarray.c:112 0x2d96bd19 24
4 dynarray.c:113 0x2d96bce9 24
4 path.c:254 0x2d96bc59 24
2 path.c:128 0x2d96bc59 24
1 dynarray.c:84 0x2d96bcb9 24
2 dynarray.c:95 0x2d96bce9 16
2 path.c:90 0x2d96b9d9 6
2 path.c:90 0x2d96b729 8
1 path.c:143 0x2d96af59 14
2 path.c:178 0x2d96bd49 24
1 dynarray.c:84 0x2d96bd19 24
2 dynarray.c:95 0x2d96bd79 16
2 path.c:191 0x2d96b819 14
2 path.c:205 0x2d96b5a9 6
3 path.c:223 0x2d96b819 0x2d96b819 14 6
4 path.c:246 0x2d96b819 6
4 path.c:31 0x2d96b5a9 6
4 dynarray.c:112 0x2d96bd79 16
4 dynarray.c:113 0x2d96bd19 24
4 path.c:254 0x2d96bd49 24
2 path.c:178 0x2d96bd49 24
1 dynarray.c:84 0x2d96bd79 24
2 dynarray.c:95 0x2d96bd19 16
2 path.c:191 0x2d96b5a9 14
2 path.c:205 0x2d96b819 6
2 path.c:205 0x2d96b7d9 8
3 path.c:223 0x2d96b5a9 0x2d96b5a9 14 14
4 path.c:246 0x2d96b5a9 14
4 path.c:31 0x2d96b819 6
4 path.c:31 0x2d96b7d9 8
4 dynarray.c:112 0x2d96bd19 16
4 dynarray.c:113 0x2d96bd79 24
4 path.c:254 0x2d96bd49 24
4 path.c:246 0x2d96af59 14
4 path.c:31 0x2d96b9d9 6
4 path.c:31 0x2d96b729 8
4 dynarray.c:112 0x2d96bce9 16
4 dynarray.c:113 0x2d96bcb9 24
4 path.c:254 0x2d96bc59 24
4 path.c:246 0x2d96b959 32
4 path.c:31 0x2d96b7f9 6
4 path.c:31 0x2d96b619 8
4 path.c:31 0x2d96b999 12
4 path.c:31 0x2d96b9b9 6
4 dynarray.c:112 0x2d96b919 32
4 dynarray.c:113 0x2d96b479 24
4 path.c:254 0x2d96b429 24
4 bdtBad5.c:263 0x2d96b859 32
4 path.c:246 0x2d96b699 26
4 path.c:31 0x2d96b6c9 6
4 path.c:31 0x2d96b6e9 8
4 path.c:31 0x2d96b709 12
4 dynarray.c:112 0x2d96b669 24
4 dynarray.c:113 0x2d96b579 24
4 path.c:254 0x2d96b639 24
4 bdtBad5.c:263 0x2d96b369 32
4 path.c:246 0x2d96ae99 14
4 path.c:31 0x2d96aeb9 6
4 path.c:31 0x2d96aed9 8
4 dynarray.c:112 0x2d96ae69 16
4 dynarray.c:113 0x2d96a709 24
4 path.c:254 0x2d96adb9 24
4 bdtBad5.c:263 0x2d96ae29 32
2 path.c:128 0x2d96adb9 24
1 dynarray.c:84 0x2d96bd19 24
2 dynarray.c:95 0x2d96a709 16
2 path.c:90 0x2d96aed9 6
1 path.c:143 0x2d96b749 6
2 path.c:178 0x2d96b639 24
1 dynarray.c:84 0x2d96ae69 24
2 dynarray.c:95 0x2d96b579 16
2 path.c:191 0x2d96aeb9 6
2 path.c:205 0x2d96b709 6
3 path.c:223 0x2d96aeb9 0x2d96aeb9 6 6
4 path.c:246 0x2d96aeb9 6
4 path.c:31 0x2d96b709 6
4 dynarray.c:112 0x2d96b579 16
4 dynarray.c:113 0x2d96ae69 24
4 path.c:254 0x2d96b639 24
4 path.c:246 0x2d96b749 6
4 path.c:31 0x2d96aed9 6
4 dynarray.c:112 0x2d96a709 16
4 dynarray.c:113 0x2d96bd19 24
4 path.c:254 0x2d96adb9 24
2 path.c:128 0x2d96adb9 24
1 dynarray.c:84 0x2d96b669 24
2 dynarray.c:95 0x2d96bd19 16
2 path.c:90 0x2d96aed9 6
2 path.c:90 0x2d96b749 7
1 path.c:143 0x2d96ae99 13
2 path.c:178 0x2d96b639 24
1 dynarray.c:84 0x2d96a709 24
2 dynarray.c:95 0x2d96ae69 16
2 path.c:191 0x2d96b709 13
2 path.c:205 0x2d96b6e9 6
3 path.c:223 0x2d96b709 0x2d96b709 13 6
4 path.c:246 0x2d96b709 6
4 path.c:31 0x2d96b6e9 6
4 dynarray.c:112 0x2d96ae69 16
4 dynarray.c:113 0x2d96a709 24
4 path.c:254 0x2d96b639 24
2 path.c:178 0x2d96b639 24
1 dynarray.c:84 0x2d96b579 24
2 dynarray.c:95 0x2d96a709 16
2 path.c:191 0x2d96b6e9 13
2 path.c:205 0x2d96b709 6
2 path.c:205 0x2d96b6c9 7
3 path.c:223 0x2d96b6e9 0x2d96b6e9 13 13
4 path.c:246 0x2d96b6e9 13
4 path.c:31 0x2d96b709 6
4 path.c:31 0x2d96b6c9 7
4 dynarray.c:112 0x2d96a709 16
4 dynarray.c:113 0x2d96b579 24
4 path.c:254 0x2d96b639 24
4 path.c:246 0x2d96ae99 13
4 path.c:31 0x2d96aed9 6
4 path.c:31 0x2d96b749 7
4 dynarray.c:112 0x2d96bd19 16
4 dynarray.c:113 0x2d96b669 24
4 path.c:254 0x2d96adb9 24
2 path.c:128 0x2d96adb9 24
1 dynarray.c:84 0x2d96ae69 24
2 dynarray.c:95 0x2d96b669 16
2 path.c:90 0x2d96b749 6
2 path.c:90 0x2d96aed9 8
1 path.c:143 0x2d96aeb9 14
2 path.c:178 0x2d96b639 24
1 dynarray.c:84 0x2d96bd19 24
2 dynarray.c:95 0x2d96b579 16
2 path.c:191 0x2d96ae99 14
2 path.c:205 0x2d96b709 6
3 path.c:223 0x2d96ae99 0x2d96ae99 14 6
4 path.c:246 0x2d96ae99 6
4 path.c:31 0x2d96b709 6
4 dynarray.c:112 0x2d96b579 16
4 dynarray.c:113 0x2d96bd19 24
4 path.c:254 0x2d96b639 24
2 path.c:178 0x2d96b639 24
1 dynarray.c:84 0x2d96a709 24
2 dynarray.c:95 0x2d96bd19 16
2 path.c:191 0x2d96b709 14
2 path.c:205 0x2d96ae99 6
2 path.c:205 0x2d96b6e9 8
3 path.c:223 0x2d96b709 0x2d96b709 14 14
4 path.c:246 0x2d96b709 14
4 path.c:31 0x2d96ae99 6
4 path.c:31 0x2d96b6e9 8
4 dynarray.c:112 0x2d96bd19 16
4 dynarray.c:113 0x2d96a709 24
4 path.c:254 0x2d96b639 24
2 path.c:128 0x2d96b639 24
1 dynarray.c:84 0x2d96b579 24
2 dynarray.c:95 0x2d96a709 16
2 path.c:90 0x2d96b6e9 6
2 path.c:90 0x2d96ae99 8
2 path.c:90 0x2d96b709 12
3 dynarray.c:69 0x2d96ae29 0x2d96a709 16 32
1 path.c:143 0x2d96bd19 26
2 path.c:178 0x2d96a709 24
1 dynarray.c:84 0x2d96b699 24
2 dynarray.c:95 0x2d96b429 16
2 path.c:191 0x2d96bc59 26
2 path.c:205 0x2d96b9b9 6
3 path.c:223 0x2d96bc59 0x2d96bc59 26 6
4 path.c:246 0x2d96bc59 6
4 path.c:31 0x2d96b9b9 6
4 dynarray.c:112 0x2d96b429 16
4 dynarray.c:113 0x2d96b699 24
4 path.c:254 0x2d96a709 24
2 path.c:178 0x2d96a709 24
1 dynarray.c:84 0x2d96b479 24
2 dynarray.c:95 0x2d96b699 16
2 path.c:191 0x2d96bc59 26
2 path.c:205 0x2d96b9b9 6
2 path.c:205 0x2d96b999 8
3 path.c:223 0x2d96bc59 0x2d96bc59 26 14
4 path.c:246 0x2d96bc59 14
4 path.c:31 0x2d96b9b9 6
4 path.c:31 0x2d96b999 8
4 dynarray.c:112 0x2d96b699 16
4 dynarray.c:113 0x2d96b479 24
4 path.c:254 0x2d96a709 24
2 path.c:128 0x2d96a709 24
1 dynarray.c:84 0x2d96b429 24
2 dynarray.c:95 0x2d96b479 16
2 path.c:90 0x2d96b999 6
2 path.c:90 0x2d96b9b9 8
2 path.c:90 0x2d96b619 12
3 dynarray.c:69 0x2d96b369 0x2d96b479 16 32
2 path.c:90 0x2d96b7f9 6
1 path.c:143 0x2d96ba19 32
2 path.c:178 0x2d96b479 24
1 dynarray.c:84 0x2d96b699 24
2 dynarray.c:95 0x2d96bc59 16
2 path.c:191 0x2d96b859 32
2 path.c:205 0x2d96b729 6
3 path.c:223 0x2d96b859 0x2d96b859 32 6
4 path.c:246 0x2d96b859 6
4 path.c:31 0x2d96b729 6
4 dynarray.c:112 0x2d96bc59 16
4 dynarray.c:113 0x2d96b699 24
4 path.c:254 0x2d96b479 24
2 path.c:178 0x2d96b479 24
1 dynarray.c:84 0x2d96bcb9 24
2 dynarray.c:95 0x2d96b699 16
2 path.c:191 0x2d96b959 32
2 path.c:205 0x2d96b729 6
2 path.c:205 0x2d96b859 8
3 path.c:223 0x2d96b959 0x2d96b959 32 14
4 path.c:246 0x2d96b959 14
4 path.c:31 0x2d96b729 6
4 path.c:31 0x2d96b859 8
4 dynarray.c:112 0x2d96b699 16
4 dynarray.c:113 0x2d96bcb9 24
4 path.c:254 0x2d96b479 24
1 dynarray.c:84 0x2d96bc59 24
2 dynarray.c:95 0x2d96b479 24
1 bdtBad5.c:662 0x2d96b919 45
4 dynarray.c:112 0x2d96b479 24
4 dynarray.c:113 0x2d96bc59 24
4 bdt_client.c:114 0x2d96b919 45
2 path.c:128 0x2d96bc59 24
1 dynarray.c:84 0x2d96bcb9 24
2 dynarray.c:95 0x2d96b479 16
2 path.c:90 0x2d96b859 13
1 path.c:143 0x2d96b6c9 13
2 path.c:178 0x2d96bce9 24
1 dynarray.c:84 0x2d96b699 24
2 dynarray.c:95 0x2d96bd49 16
2 path.c:191 0x2d96b729 13
2 path.c:205 0x2d96b979 13
3 path.c:223 0x2d96b729 0x2d96b729 13 13
4 path.c:246 0x2d96b729 13
4 path.c:31 0x2d96b979 13
4 dynarray.c:112 0x2d96bd49 16
4 dynarray.c:113 0x2d96b699 24
4 path.c:254 0x2d96bce9 24
4 path.c:246 0x2d96b6c9 13
4 path.c:31 0x2d96b859 13
4 dynarray.c:112 0x2d96b479 16
4 dynarray.c:113 0x2d96bcb9 24
4 path.c:254 0x2d96bc59 24
2 path.c:128 0x2d96bc59 24
1 dynarray.c:84 0x2d96bd79 24
2 dynarray.c:95 0x2d96bcb9 16
2 path.c:90 0x2d96b859 6
1 path.c:143 0x2d96b959 6
2 path.c:178 0x2d96bce9 24
1 dynarray.c:84 0x2d96b479 24
2 dynarray.c:95 0x2d96b699 16
2 path.c:191 0x2d96b6c9 6
2 path.c:205 0x2d96b729 6
3 path.c:223 0x2d96b6c9 0x2d96b6c9 6 6
4 path.c:246 0x2d96b6c9 6
4 path.c:31 0x2d96b729 6
4 dynarray.c:112 0x2d96b699 16
4 dynarray.c:113 0x2d96b479 24
4 path.c:254 0x2d96bce9 24
4 path.c:246 0x2d96b959 6
4 path.c:31 0x2d96b859 6
4 dynarray.c:112 0x2d96bcb9 16
4 dynarray.c:113 0x2d96bd79 24
4 path.c:254 0x2d96bc59 24
4 path.c:246 0x2d96abf9 25
4 path.c:31 0x2d96ac29 6
4 path.c:31 0x2d96ac49 7
4 path.c:31 0x2d96ac69 12
4 dynarray.c:112 0x2d96abc9 24
4 dynarray.c:113 0x2d96a909 24
4 path.c:254 0x2d96ab99 24
4 bdtBad5.c:263 0x2d96ab59 32
4 path.c:246 0x2d96aaa9 13
4 path.c:31 0x2d96aac9 6
4 path.c:31 0x2d96aae9 7
4 dynarray.c:112 0x2d96aa79 16
4 dynarray.c:113 0x2d96a599 24
4 path.c:254 0x2d96aa49 24
4 bdtBad5.c:263 0x2d96aa09 32
4 path.c:246 0x2d96a849 6
4 path.c:31 0x2d96a869 6
4 dynarray.c:112 0x2d96a819 16
4 dynarray.c:113 0x2d96a5f9 24
4 path.c:254 0x2d96a7e9 24
4 bdtBad5.c:263 0x2d96a7a9 32
2 path.c:128 0x2d96a7e9 24
1 dynarray.c:84 0x2d96bd49 24
2 dynarray.c:95 0x2d96a5f9 16
2 path.c:90 0x2d96a869 6
2 path.c:90 0x2d96a849 7
1 path.c:143 0x2d96b979 13
4 path.c:246 0x2d96b979 13
4 path.c:31 0x2d96a869 6
4 path.c:31 0x2d96a849 7
4 dynarray.c:112 0x2d96a5f9 16
4 dynarray.c:113 0x2d96bd49 24
4 path.c:254 0x2d96a7e9 24
2 path.c:128 0x2d96a7e9 24
1 dynarray.c:84 0x2d96a819 24
2 dynarray.c:95 0x2d96bd49 16
2 path.c:90 0x2d96a849 6
1 path.c:143 0x2d96b979 6
4 path.c:246 0x2d96b979 6
4 path.c:31 0x2d96a849 6
4 dynarray.c:112 0x2d96bd49 16
4 dynarray.c:113 0x2d96a819 24
4 path.c:254 0x2d96a7e9 24
2 path.c:128 0x2d96a7e9 24
1 dynarray.c:84 0x2d96a5f9 24
2 dynarray.c:95 0x2d96a819 16
2 path.c:90 0x2d96a849 6
1 path.c:143 0x2d96b979 6
4 path.c:246 0x2d96b979 6
4 path.c:31 0x2d96a849 6
4 dynarray.c:112 0x2d96a819 16
4 dynarray.c:113 0x2d96a5f9 24
4 path.c:254 0x2d96a7e9 24
2 path.c:128 0x2d96a7e9 24
1 dynarray.c:84 0x2d96bd49 24
2 dynarray.c:95 0x2d96a5f9 16
2 path.c:90 0x2d96a849 13
1 path.c:143 0x2d96b979 13
4 path.c:246 0x2d96b979 13
4 path.c:31 0x2d96a849 13
4 dynarray.c:112 0x2d96a5f9 16
4 dynarray.c:113 0x2d96bd49 24
4 path.c:254 0x2d96a7e9 24
1 dynarray.c:84 0x2d96a819 24
2 dynarray.c:95 0x2d96a7e9 16
1 bdtBad5.c:662 0x2d96b979 1
4 dynarray.c:112 0x2d96a7e9 16
4 dynarray.c:113 0x2d96a819 24
4 bdt_client.c:125 0x2d96b979 1
2 path.c:128 0x2d96a819 24
1 dynarray.c:84 0x2d96bd49 24
2 dynarray.c:95 0x2d96a7e9 16
2 path.c:90 0x2d96a849 2
2 path.c:90 0x2d96a869 2
1 path.c:143 0x2d96b979 4
2 path.c:178 0x2d96aa49 24
1 dynarray.c:84 0x2d96a5f9 24
2 dynarray.c:95 0x2d96a599 16
2 path.c:191 0x2d96aae9 4
2 path.c:205 0x2d96aaa9 2
3 path.c:223 0x2d96aae9 0x2d96aae9 4 2
1 bdtBad5.c:143 0x2d96b919 32
2 path.c:178 0x2d96ab99 24
1 dynarray.c:84 0x2d96aa79 24
2 dynarray.c:95 0x2d96a909 16
2 path.c:191 0x2d96ac69 2
2 path.c:205 0x2d96ac49 2
3 path.c:223 0x2d96ac69 0x2d96ac69 2 2
4 path.c:246 0x2d96aae9 2
4 path.c:31 0x2d96aaa9 2
4 dynarray.c:112 0x2d96a599 16
4 dynarray.c:113 0x2d96a5f9 24
4 path.c:254 0x2d96aa49 24
2 path.c:178 0x2d96aa49 24
1 dynarray.c:84 0x2d96abc9 24
2 dynarray.c:95 0x2d96a5f9 16
2 path.c:191 0x2d96aaa9 4
2 path.c:205 0x2d96aae9 2
2 path.c:205 0x2d96ac29 2
3 path.c:223 0x2d96aaa9 0x2d96aaa9 4 4
1 bdtBad5.c:143 0x2d96b509 32
2 path.c:178 0x2d96abf9 24
1 dynarray.c:84 0x2d96a599 24
2 dynarray.c:95 0x2d96bc59 16
2 path.c:191 0x2d96b859 4
2 path.c:205 0x2d96b959 2
2 path.c:205 0x2d96b729 2
3 path.c:223 0x2d96b859 0x2d96b859 4 4
4 path.c:246 0x2d96aaa9 4
4 path.c:31 0x2d96aae9 2
4 path.c:31 0x2d96ac29 2
4 dynarray.c:112 0x2d96a5f9 16
4 dynarray.c:113 0x2d96abc9 24
4 path.c:254 0x2d96aa49 24
4 path.c:246 0x2d96b979 4
4 path.c:31 0x2d96a849 2
4 path.c:31 0x2d96a869 2
4 dynarray.c:112 0x2d96a7e9 16
4 dynarray.c:113 0x2d96bd49 24
4 path.c:254 0x2d96a819 24
1 dynarray.c:84 0x2d96bd79 24
2 dynarray.c:95 0x2d96a819 16
1 bdtBad5.c:662 0x2d96aac9 7
4 dynarray.c:112 0x2d96a819 16
4 dynarray.c:113 0x2d96bd79 24
4 bdt_client.c:137 0x2d96aac9 7
2 path.c:128 0x2d96bd79 24
1 dynarray.c:84 0x2d96bd49 24
2 dynarray.c:95 0x2d96a819 16
2 path.c:90 0x2d96a869 2
2 path.c:90 0x2d96a849 2
1 path.c:143 0x2d96aac9 4
2 path.c:178 0x2d96aa49 24
1 dynarray.c:84 0x2d96a7e9 24
2 dynarray.c:95 0x2d96abc9 16
2 path.c:191 0x2d96b979 4
2 path.c:205 0x2d96aae9 2
3 path.c:223 0x2d96b979 0x2d96b979 4 2
4 path.c:246 0x2d96b979 2
4 path.c:31 0x2d96aae9 2
4 dynarray.c:112 0x2d96abc9 16
4 dynarray.c:113 0x2d96a7e9 24
4 path.c:254 0x2d96aa49 24
2 path.c:178 0x2d96aa49 24
1 dynarray.c:84 0x2d96a5f9 24
2 dynarray.c:95 0x2d96a7e9 16
2 path.c:191 0x2d96aae9 4
2 path.c:205 0x2d96b979 2
2 path.c:205 0x2d96aaa9 2
3 path.c:223 0x2d96aae9 0x2d96aae9 4 4
4 path.c:246 0x2d96aae9 4
4 path.c:31 0x2d96b979 2
4 path.c:31 0x2d96aaa9 2
4 dynarray.c:112 0x2d96a7e9 16
4 dynarray.c:113 0x2d96a5f9 24
4 path.c:254 0x2d96aa49 24
2 path.c:178 0x2d96aa49 24
1 dynarray.c:84 0x2d96abc9 24
2 dynarray.c:95 0x2d96a5f9 16
2 path.c:191 0x2d96aaa9 4
2 path.c:205 0x2d96b979 2
2 path.c:205 0x2d96aae9 2
3 path.c:223 0x2d96aaa9 0x2d96aaa9 4 4
1 bdtBad5.c:143 0x2d96b2b9 32
2 path.c:178 0x2d96bcb9 24
1 dynarray.c:84 0x2d96a7e9 24
2 dynarray.c:95 0x2d96bce9 16
2 path.c:191 0x2d96b6c9 4
2 path.c:205 0x2d96b879 2
2 path.c:205 0x2d96b9d9 2
3 path.c:223 0x2d96b6c9 0x2d96b6c9 4 4
4 path.c:246 0x2d96aaa9 4
4 path.c:31 0x2d96b979 2
4 path.c:31 0x2d96aae9 2
4 dynarray.c:112 0x2d96a5f9 16
4 dynarray.c:113 0x2d96abc9 24
4 path.c:254 0x2d96aa49 24
4 path.c:246 0x2d96aac9 4
4 path.c:31 0x2d96a869 2
4 path.c:31 0x2d96a849 2
4 dynarray.c:112 0x2d96a819 16
4 dynarray.c:113 0x2d96bd49 24
4 path.c:254 0x2d96bd79 24
1 dynarray.c:84 0x2d96b479 24
2 dynarray.c:95 0x2d96bd79 24
1 bdtBad5.c:662 0x2d96ac29 11
4 dynarray.c:112 0x2d96bd79 24
4 dynarray.c:113 0x2d96b479 24
4 bdt_client.c:141 0x2d96ac29 11
2 path.c:128 0x2d96b479 24
1 dynarray.c:84 0x2d96bd49 24
2 dynarray.c:95 0x2d96bd79 16
2 path.c:90 0x2d96a849 2
2 path.c:90 0x2d96a869 2
1 path.c:143 0x2d96ac29 4
2 path.c:178 0x2d96aa49 24
1 dynarray.c:84 0x2d96a819 24
2 dynarray.c:95 0x2d96abc9 16
2 path.c:191 0x2d96aac9 4
2 path.c:205 0x2d96b979 2
3 path.c:223 0x2d96aac9 0x2d96aac9 4 2
4 path.c:246 0x2d96aac9 2
4 path.c:31 0x2d96b979 2
4 dynarray.c:112 0x2d96abc9 16
4 dynarray.c:113 0x2d96a819 24
4 path.c:254 0x2d96aa49 24
2 path.c:178 0x2d96aa49 24
1 dynarray.c:84 0x2d96a5f9 24
2 dynarray.c:95 0x2d96a819 16
2 path.c:191 0x2d96b979 4
2 path.c:205 0x2d96aac9 2
2 path.c:205 0x2d96aaa9 2
3 path.c:223 0x2d96b979 0x2d96b979 4 4
4 path.c:246 0x2d96b979 4
4 path.c:31 0x2d96aac9 2
4 path.c:31 0x2d96aaa9 2
4 dynarray.c:112 0x2d96a819 16
4 dynarray.c:113 0x2d96a5f9 24
4 path.c:254 0x2d96aa49 24
4 path.c:246 0x2d96ac29 4
4 path.c:31 0x2d96a849 2
4 path.c:31 0x2d96a869 2
4 dynarray.c:112 0x2d96bd79 16
4 dynarray.c:113 0x2d96bd49 24
4 path.c:254 0x2d96b479 24
4 path.c:246 0x2d96b859 4
4 path.c:31 0x2d96b959 2
4 path.c:31 0x2d96b729 2
4 dynarray.c:112 0x2d96bc59 16
4 dynarray.c:113 0x2d96a599 24
4 path.c:254 0x2d96abf9 24
4 bdtBad5.c:263 0x2d96b509 32
1 dynarray.c:84 0x2d96abc9 24
2 dynarray.c:95 0x2d96abf9 16
1 bdtBad5.c:662 0x2d96aae9 7
4 dynarray.c:112 0x2d96abf9 16
4 dynarray.c:113 0x2d96abc9 24
4 bdt_client.c:146 0x2d96aae9 7
2 path.c:128 0x2d96abc9 24
1 dynarray.c:84 0x2d96a599 24
2 dynarray.c:95 0x2d96abf9 16
2 path.c:90 0x2d96b729 2
2 path.c:90 0x2d96b959 3
1 path.c:143 0x2d96aae9 5
2 path.c:178 0x2d96b479 24
1 dynarray.c:84 0x2d96bc59 24
2 dynarray.c:95 0x2d96bd49 16
2 path.c:191 0x2d96b859 5
2 path.c:205 0x2d96a849 2
3 path.c:223 0x2d96b859 0x2d96b859 5 2
4 path.c:246 0x2d96b859 2
4 path.c:31 0x2d96a849 2
4 dynarray.c:112 0x2d96bd49 16
4 dynarray.c:113 0x2d96bc59 24
4 path.c:254 0x2d96b479 24
2 path.c:178 0x2d96b479 24
1 dynarray.c:84 0x2d96bd79 24
2 dynarray.c:95 0x2d96bc59 16
2 path.c:191 0x2d96a849 5
2 path.c:205 0x2d96b859 2
2 path.c:205 0x2d96ac29 3
3 path.c:223 0x2d96a849 0x2d96a849 5 5
4 path.c:246 0x2d96a849 5
4 path.c:31 0x2d96b859 2
4 path.c:31 0x2d96ac29 3
4 dynarray.c:112 0x2d96bc59 16
4 dynarray.c:113 0x2d96bd79 24
4 path.c:254 0x2d96b479 24
2 path.c:178 0x2d96b479 24
1 dynarray.c:84 0x2d96bd49 24
2 dynarray.c:95 0x2d96bd79 16
2 path.c:191 0x2d96ac29 5
2 path.c:205 0x2d96b859 2
2 path.c:205 0x2d96a849 3
3 path.c:223 0x2d96ac29 0x2d96ac29 5 5
1 bdtBad5.c:143 0x2d96b509 32
2 path.c:178 0x2d96aa49 24
1 dynarray.c:84 0x2d96bc59 24
2 dynarray.c:95 0x2d96a5f9 16
2 path.c:191 0x2d96aaa9 5
2 path.c:205 0x2d96aac9 2
2 path.c:205 0x2d96b979 3
3 path.c:223 0x2d96aaa9 0x2d96aaa9 5 5
4 path.c:246 0x2d96ac29 5
4 path.c:31 0x2d96b859 2
4 path.c:31 0x2d96a849 3
4 dynarray.c:112 0x2d96bd79 16
4 dynarray.c:113 0x2d96bd49 24
4 path.c:254 0x2d96b479 24
4 path.c:246 0x2d96aae9 5
4 path.c:31 0x2d96b729 2
4 path.c:31 0x2d96b959 3
4 dynarray.c:112 0x2d96abf9 16
4 dynarray.c:113 0x2d96a599 24
4 path.c:254 0x2d96abc9 24
1 dynarray.c:84 0x2d96a819 24
2 dynarray.c:95 0x2d96abc9 24
1 bdtBad5.c:662 0x2d96a869 12
4 dynarray.c:112 0x2d96abc9 24
4 dynarray.c:113 0x2d96a819 24
4 bdt_client.c:150 0x2d96a869 12
2 path.c:128 0x2d96a819 24
1 dynarray.c:84 0x2d96a599 24
2 dynarray.c:95 0x2d96abc9 16
2 path.c:90 0x2d96b959 2
2 path.c:90 0x2d96b729 3
1 path.c:143 0x2d96a869 5
2 path.c:178 0x2d96b479 24
1 dynarray.c:84 0x2d96abf9 24
2 dynarray.c:95 0x2d96bd49 16
2 path.c:191 0x2d96aae9 5
2 path.c:205 0x2d96b859 2
3 path.c:223 0x2d96aae9 0x2d96aae9 5 2
4 path.c:246 0x2d96aae9 2
4 path.c:31 0x2d96b859 2
4 dynarray.c:112 0x2d96bd49 16
4 dynarray.c:113 0x2d96abf9 24
4 path.c:254 0x2d96b479 24
2 path.c:178 0x2d96b479 24
1 dynarray.c:84 0x2d96bd79 24
2 dynarray.c:95 0x2d96abf9 16
2 path.c:191 0x2d96b859 5
2 path.c:205 0x2d96aae9 2
2 path.c:205 0x2d96ac29 3
3 path.c:223 0x2d96b859 0x2d96b859 5 5
4 path.c:246 0x2d96b859 5
4 path.c:31 0x2d96aae9 2
4 path.c:31 0x2d96ac29 3
4 dynarray.c:112 0x2d96abf9 16
4 dynarray.c:113 0x2d96bd79 24
4 path.c:254 0x2d96b479 24
4 path.c:246 0x2d96a869 5
4 path.c:31 0x2d96b959 2
4 path.c:31 0x2d96b729 3
4 dynarray.c:112 0x2d96abc9 16
4 dynarray.c:113 0x2d96a599 24
4 path.c:254 0x2d96a819 24
4 path.c:246 0x2d96aaa9 5
4 path.c:31 0x2d96aac9 2
4 path.c:31 0x2d96b979 3
4 dynarray.c:112 0x2d96a5f9 16
4 dynarray.c:113 0x2d96bc59 24
4 path.c:254 0x2d96aa49 24
4 bdtBad5.c:263 0x2d96b509 32
1 dynarray.c:84 0x2d96bd49 24
2 dynarray.c:95 0x2d96aa49 16
1 bdtBad5.c:662 0x2d96a849 7
4 dynarray.c:112 0x2d96aa49 16
4 dynarray.c:113 0x2d96bd49 24
4 bdt_client.c:154 0x2d96a849 7
2 path.c:128 0x2d96bd49 24
1 dynarray.c:84 0x2d96bc59 24
2 dynarray.c:95 0x2d96aa49 16
2 path.c:90 0x2d96b979 2
2 path.c:90 0x2d96aac9 3
1 path.c:143 0x2d96a849 5
2 path.c:178 0x2d96a819 24
1 dynarray.c:84 0x2d96a5f9 24
2 dynarray.c:95 0x2d96a599 16
2 path.c:191 0x2d96aaa9 5
2 path.c:205 0x2d96b959 2
3 path.c:223 0x2d96aaa9 0x2d96aaa9 5 2
4 path.c:246 0x2d96aaa9 2
4 path.c:31 0x2d96b959 2
4 dynarray.c:112 0x2d96a599 16
4 dynarray.c:113 0x2d96a5f9 24
4 path.c:254 0x2d96a819 24
2 path.c:178 0x2d96a819 24
1 dynarray.c:84 0x2d96abc9 24
2 dynarray.c:95 0x2d96a5f9 16
2 path.c:191 0x2d96b959 5
2 path.c:205 0x2d96aaa9 2
2 path.c:205 0x2d96a869 3
3 path.c:223 0x2d96b959 0x2d96b959 5 5
4 path.c:246 0x2d96b959 5
4 path.c:31 0x2d96aaa9 2
4 path.c:31 0x2d96a869 3
4 dynarray.c:112 0x2d96a5f9 16
4 dynarray.c:113 0x2d96abc9 24
4 path.c:254 0x2d96a819 24
2 path.c:178 0x2d96a819 24
1 dynarray.c:84 0x2d96a599 24
2 dynarray.c:95 0x2d96abc9 16
2 path.c:191 0x2d96a869 5
2 path.c:205 0x2d96aaa9 2
2 path.c:205 0x2d96b959 3
3 path.c:223 0x2d96a869 0x2d96a869 5 5
1 bdtBad5.c:143 0x2d96b509 32
2 path.c:178 0x2d96b479 24
1 dynarray.c:84 0x2d96a5f9 24
2 dynarray.c:95 0x2d96bd79 16
2 path.c:191 0x2d96ac29 5
2 path.c:205 0x2d96aae9 2
2 path.c:205 0x2d96b859 3
3 path.c:223 0x2d96ac29 0x2d96ac29 5 5
4 path.c:246 0x2d96a869 5
4 path.c:31 0x2d96aaa9 2
4 path.c:31 0x2d96b959 3
4 dynarray.c:112 0x2d96abc9 16
4 dynarray.c:113 0x2d96a599 24
4 path.c:254 0x2d96a819 24
4 path.c:246 0x2d96a849 5
4 path.c:31 0x2d96b979 2
4 path.c:31 0x2d96aac9 3
4 dynarray.c:112 0x2d96aa49 16
4 dynarray.c:113 0x2d96bc59 24
4 path.c:254 0x2d96bd49 24
1 dynarray.c:84 0x2d96abf9 24
2 dynarray.c:95 0x2d96bd49 24
1 bdtBad5.c:662 0x2d96b729 12
4 dynarray.c:112 0x2d96bd49 24
4 dynarray.c:113 0x2d96abf9 24
4 bdt_client.c:158 0x2d96b729 12
2 path.c:128 0x2d96abf9 24
1 dynarray.c:84 0x2d96bc59 24
2 dynarray.c:95 0x2d96bd49 16
2 path.c:90 0x2d96aac9 2
2 path.c:90 0x2d96b979 2
1 path.c:143 0x2d96b729 4
2 path.c:178 0x2d96a819 24
1 dynarray.c:84 0x2d96aa49 24
2 dynarray.c:95 0x2d96a599 16
2 path.c:191 0x2d96a849 4
2 path.c:205 0x2d96aaa9 2
3 path.c:223 0x2d96a849 0x2d96a849 4 2
4 path.c:246 0x2d96a849 2
4 path.c:31 0x2d96aaa9 2
4 dynarray.c:112 0x2d96a599 16
4 dynarray.c:113 0x2d96aa49 24
4 path.c:254 0x2d96a819 24
2 path.c:178 0x2d96a819 24
1 dynarray.c:84 0x2d96abc9 24
2 dynarray.c:95 0x2d96aa49 16
2 path.c:191 0x2d96aaa9 4
2 path.c:205 0x2d96a849 2
2 path.c:205 0x2d96a869 2
3 path.c:223 0x2d96aaa9 0x2d96aaa9 4 4
4 path.c:246 0x2d96aaa9 4
4 path.c:31 0x2d96a849 2
4 path.c:31 0x2d96a869 2
4 dynarray.c:112 0x2d96aa49 16
4 dynarray.c:113 0x2d96abc9 24
4 path.c:254 0x2d96a819 24
4 path.c:246 0x2d96b729 4
4 path.c:31 0x2d96aac9 2
4 path.c:31 0x2d96b979 2
4 dynarray.c:112 0x2d96bd49 16
4 dynarray.c:113 0x2d96bc59 24
4 path.c:254 0x2d96abf9 24
4 path.c:246 0x2d96b6c9 4
4 path.c:31 0x2d96b879 2
4 path.c:31 0x2d96b9d9 2
4 dynarray.c:112 0x2d96bce9 16
4 dynarray.c:113 0x2d96a7e9 24
4 path.c:254 0x2d96bcb9 24
4 bdtBad5.c:263 0x2d96b2b9 32
1 dynarray.c:84 0x2d96a599 24
2 dynarray.c:95 0x2d96bcb9 16
1 bdtBad5.c:662 0x2d96b959 8
4 dynarray.c:112 0x2d96bcb9 16
4 dynarray.c:113 0x2d96a599 24
4 bdt_client.c:162 0x2d96b959 8
4 path.c:246 0x2d96ac29 5
4 path.c:31 0x2d96aae9 2
4 path.c:31 0x2d96b859 3
4 dynarray.c:112 0x2d96bd79 16
4 dynarray.c:113 0x2d96a5f9 24
4 path.c:254 0x2d96b479 24
4 bdtBad5.c:263 0x2d96b509 32
4 path.c:246 0x2d96ac69 2
4 path.c:31 0x2d96ac49 2
4 dynarray.c:112 0x2d96a909 16
4 dynarray.c:113 0x2d96aa79 24
4 path.c:254 0x2d96ab99 24
4 bdtBad5.c:263 0x2d96b919 32
